{"C:\\Users\\alvar\\Downloads\\restaurantmanagement\\hooks\\index.ts": {"path":"C:\\Users\\alvar\\Downloads\\restaurantmanagement\\hooks\\index.ts","all":true,"statementMap":{"6":{"start":{"line":7,"column":0},"end":{"line":7,"column":28}},"7":{"start":{"line":8,"column":0},"end":{"line":8,"column":26}},"8":{"start":{"line":9,"column":0},"end":{"line":9,"column":28}},"9":{"start":{"line":10,"column":0},"end":{"line":10,"column":27}},"10":{"start":{"line":11,"column":0},"end":{"line":11,"column":30}}},"s":{"6":0,"7":0,"8":0,"9":0,"10":0},"branchMap":{"0":{"type":"branch","line":1,"loc":{"start":{"line":1,"column":122},"end":{"line":11,"column":-31}},"locations":[{"start":{"line":1,"column":122},"end":{"line":11,"column":-31}}]}},"b":{"0":[1]},"fnMap":{"0":{"name":"(empty-report)","decl":{"start":{"line":1,"column":122},"end":{"line":11,"column":-31}},"loc":{"start":{"line":1,"column":122},"end":{"line":11,"column":-31}},"line":1}},"f":{"0":1}}
,"C:\\Users\\alvar\\Downloads\\restaurantmanagement\\hooks\\use-alerts.ts": {"path":"C:\\Users\\alvar\\Downloads\\restaurantmanagement\\hooks\\use-alerts.ts","all":false,"statementMap":{"15":{"start":{"line":16,"column":0},"end":{"line":16,"column":31}},"16":{"start":{"line":17,"column":0},"end":{"line":17,"column":77}},"17":{"start":{"line":18,"column":0},"end":{"line":18,"column":49}},"19":{"start":{"line":20,"column":0},"end":{"line":20,"column":8}},"106":{"start":{"line":107,"column":0},"end":{"line":107,"column":76}},"107":{"start":{"line":108,"column":0},"end":{"line":108,"column":69}},"108":{"start":{"line":109,"column":0},"end":{"line":109,"column":36}},"109":{"start":{"line":110,"column":0},"end":{"line":110,"column":29}},"110":{"start":{"line":111,"column":0},"end":{"line":111,"column":38}},"112":{"start":{"line":113,"column":0},"end":{"line":113,"column":64}},"114":{"start":{"line":115,"column":0},"end":{"line":115,"column":9}},"115":{"start":{"line":116,"column":0},"end":{"line":116,"column":22}},"116":{"start":{"line":117,"column":0},"end":{"line":117,"column":14}},"117":{"start":{"line":118,"column":0},"end":{"line":118,"column":10}},"118":{"start":{"line":119,"column":0},"end":{"line":119,"column":16}},"119":{"start":{"line":120,"column":0},"end":{"line":120,"column":13}},"120":{"start":{"line":121,"column":0},"end":{"line":121,"column":26}},"121":{"start":{"line":122,"column":0},"end":{"line":122,"column":30}},"123":{"start":{"line":124,"column":0},"end":{"line":124,"column":23}},"125":{"start":{"line":126,"column":0},"end":{"line":126,"column":20}},"126":{"start":{"line":127,"column":0},"end":{"line":127,"column":58}},"127":{"start":{"line":128,"column":0},"end":{"line":128,"column":30}},"128":{"start":{"line":129,"column":0},"end":{"line":129,"column":48}},"129":{"start":{"line":130,"column":0},"end":{"line":130,"column":14}},"130":{"start":{"line":131,"column":0},"end":{"line":131,"column":42}},"131":{"start":{"line":132,"column":0},"end":{"line":132,"column":7}},"133":{"start":{"line":134,"column":0},"end":{"line":134,"column":17}},"134":{"start":{"line":135,"column":0},"end":{"line":135,"column":6}},"135":{"start":{"line":136,"column":0},"end":{"line":136,"column":24}},"136":{"start":{"line":137,"column":0},"end":{"line":137,"column":4}},"138":{"start":{"line":139,"column":0},"end":{"line":139,"column":43}},"139":{"start":{"line":140,"column":0},"end":{"line":140,"column":56}},"140":{"start":{"line":141,"column":0},"end":{"line":141,"column":62}},"141":{"start":{"line":142,"column":0},"end":{"line":142,"column":56}},"142":{"start":{"line":143,"column":0},"end":{"line":143,"column":6}},"143":{"start":{"line":144,"column":0},"end":{"line":144,"column":35}},"144":{"start":{"line":145,"column":0},"end":{"line":145,"column":51}},"145":{"start":{"line":146,"column":0},"end":{"line":146,"column":63}},"147":{"start":{"line":148,"column":0},"end":{"line":148,"column":65}},"148":{"start":{"line":149,"column":0},"end":{"line":149,"column":9}},"149":{"start":{"line":150,"column":0},"end":{"line":150,"column":22}},"150":{"start":{"line":151,"column":0},"end":{"line":151,"column":35}},"151":{"start":{"line":152,"column":0},"end":{"line":152,"column":31}},"152":{"start":{"line":153,"column":0},"end":{"line":153,"column":30}},"153":{"start":{"line":154,"column":0},"end":{"line":154,"column":32}},"154":{"start":{"line":155,"column":0},"end":{"line":155,"column":32}},"155":{"start":{"line":156,"column":0},"end":{"line":156,"column":47}},"156":{"start":{"line":157,"column":0},"end":{"line":157,"column":19}},"157":{"start":{"line":158,"column":0},"end":{"line":158,"column":15}},"158":{"start":{"line":159,"column":0},"end":{"line":159,"column":8}},"160":{"start":{"line":161,"column":0},"end":{"line":161,"column":31}},"161":{"start":{"line":162,"column":0},"end":{"line":162,"column":6}},"162":{"start":{"line":163,"column":0},"end":{"line":163,"column":42}},"163":{"start":{"line":164,"column":0},"end":{"line":164,"column":65}},"164":{"start":{"line":165,"column":0},"end":{"line":165,"column":6}},"165":{"start":{"line":166,"column":0},"end":{"line":166,"column":22}},"166":{"start":{"line":167,"column":0},"end":{"line":167,"column":24}},"167":{"start":{"line":168,"column":0},"end":{"line":168,"column":51}},"168":{"start":{"line":169,"column":0},"end":{"line":169,"column":7}},"169":{"start":{"line":170,"column":0},"end":{"line":170,"column":6}},"170":{"start":{"line":171,"column":0},"end":{"line":171,"column":4}},"172":{"start":{"line":173,"column":0},"end":{"line":173,"column":48}},"173":{"start":{"line":174,"column":0},"end":{"line":174,"column":44}},"174":{"start":{"line":175,"column":0},"end":{"line":175,"column":60}},"175":{"start":{"line":176,"column":0},"end":{"line":176,"column":53}},"176":{"start":{"line":177,"column":0},"end":{"line":177,"column":6}},"177":{"start":{"line":178,"column":0},"end":{"line":178,"column":34}},"178":{"start":{"line":179,"column":0},"end":{"line":179,"column":51}},"179":{"start":{"line":180,"column":0},"end":{"line":180,"column":63}},"181":{"start":{"line":182,"column":0},"end":{"line":182,"column":63}},"182":{"start":{"line":183,"column":0},"end":{"line":183,"column":26}},"183":{"start":{"line":184,"column":0},"end":{"line":184,"column":30}},"184":{"start":{"line":185,"column":0},"end":{"line":185,"column":15}},"185":{"start":{"line":186,"column":0},"end":{"line":186,"column":25}},"186":{"start":{"line":187,"column":0},"end":{"line":187,"column":35}},"187":{"start":{"line":188,"column":0},"end":{"line":188,"column":50}},"188":{"start":{"line":189,"column":0},"end":{"line":189,"column":58}},"189":{"start":{"line":190,"column":0},"end":{"line":190,"column":15}},"190":{"start":{"line":191,"column":0},"end":{"line":191,"column":19}},"191":{"start":{"line":192,"column":0},"end":{"line":192,"column":9}},"192":{"start":{"line":193,"column":0},"end":{"line":193,"column":7}},"194":{"start":{"line":195,"column":0},"end":{"line":195,"column":31}},"195":{"start":{"line":196,"column":0},"end":{"line":196,"column":6}},"196":{"start":{"line":197,"column":0},"end":{"line":197,"column":41}},"197":{"start":{"line":198,"column":0},"end":{"line":198,"column":65}},"198":{"start":{"line":199,"column":0},"end":{"line":199,"column":6}},"199":{"start":{"line":200,"column":0},"end":{"line":200,"column":22}},"200":{"start":{"line":201,"column":0},"end":{"line":201,"column":24}},"201":{"start":{"line":202,"column":0},"end":{"line":202,"column":51}},"202":{"start":{"line":203,"column":0},"end":{"line":203,"column":7}},"203":{"start":{"line":204,"column":0},"end":{"line":204,"column":6}},"204":{"start":{"line":205,"column":0},"end":{"line":205,"column":4}},"206":{"start":{"line":207,"column":0},"end":{"line":207,"column":43}},"207":{"start":{"line":208,"column":0},"end":{"line":208,"column":44}},"208":{"start":{"line":209,"column":0},"end":{"line":209,"column":39}},"209":{"start":{"line":210,"column":0},"end":{"line":210,"column":6}},"210":{"start":{"line":211,"column":0},"end":{"line":211,"column":34}},"211":{"start":{"line":212,"column":0},"end":{"line":212,"column":51}},"212":{"start":{"line":213,"column":0},"end":{"line":213,"column":63}},"214":{"start":{"line":215,"column":0},"end":{"line":215,"column":63}},"215":{"start":{"line":216,"column":0},"end":{"line":216,"column":51}},"216":{"start":{"line":217,"column":0},"end":{"line":217,"column":7}},"218":{"start":{"line":219,"column":0},"end":{"line":219,"column":31}},"219":{"start":{"line":220,"column":0},"end":{"line":220,"column":6}},"220":{"start":{"line":221,"column":0},"end":{"line":221,"column":41}},"221":{"start":{"line":222,"column":0},"end":{"line":222,"column":65}},"222":{"start":{"line":223,"column":0},"end":{"line":223,"column":6}},"223":{"start":{"line":224,"column":0},"end":{"line":224,"column":22}},"224":{"start":{"line":225,"column":0},"end":{"line":225,"column":24}},"225":{"start":{"line":226,"column":0},"end":{"line":226,"column":51}},"226":{"start":{"line":227,"column":0},"end":{"line":227,"column":7}},"227":{"start":{"line":228,"column":0},"end":{"line":228,"column":6}},"228":{"start":{"line":229,"column":0},"end":{"line":229,"column":4}},"233":{"start":{"line":234,"column":0},"end":{"line":234,"column":91}},"234":{"start":{"line":235,"column":0},"end":{"line":235,"column":96}},"236":{"start":{"line":237,"column":0},"end":{"line":237,"column":10}},"237":{"start":{"line":238,"column":0},"end":{"line":238,"column":11}},"238":{"start":{"line":239,"column":0},"end":{"line":239,"column":17}},"239":{"start":{"line":240,"column":0},"end":{"line":240,"column":23}},"240":{"start":{"line":241,"column":0},"end":{"line":241,"column":14}},"241":{"start":{"line":242,"column":0},"end":{"line":242,"column":33}},"242":{"start":{"line":243,"column":0},"end":{"line":243,"column":91}},"243":{"start":{"line":244,"column":0},"end":{"line":244,"column":89}},"244":{"start":{"line":245,"column":0},"end":{"line":245,"column":79}},"245":{"start":{"line":246,"column":0},"end":{"line":246,"column":63}},"246":{"start":{"line":247,"column":0},"end":{"line":247,"column":3}},"247":{"start":{"line":248,"column":0},"end":{"line":248,"column":1}}},"s":{"15":1,"16":1,"17":1,"19":1,"106":1,"107":96,"108":96,"109":96,"110":96,"112":96,"114":96,"115":96,"116":96,"117":96,"118":96,"119":96,"120":96,"121":59,"123":59,"125":59,"126":3,"127":59,"128":3,"129":56,"130":53,"131":52,"133":58,"134":59,"135":96,"136":96,"138":96,"139":96,"140":7,"141":7,"142":7,"143":96,"144":7,"145":7,"147":7,"148":7,"149":7,"150":7,"151":7,"152":7,"153":7,"154":7,"155":7,"156":7,"157":7,"158":7,"160":7,"161":7,"162":96,"163":1,"164":1,"165":96,"166":7,"167":6,"168":6,"169":7,"170":96,"172":96,"173":96,"174":6,"175":5,"176":6,"177":96,"178":6,"179":6,"181":6,"182":6,"183":16,"184":6,"185":6,"186":6,"187":6,"188":6,"189":6,"190":10,"191":6,"192":6,"194":6,"195":6,"196":96,"197":2,"198":2,"199":96,"200":6,"201":6,"202":6,"203":6,"204":96,"206":96,"207":96,"208":5,"209":5,"210":96,"211":5,"212":5,"214":5,"215":5,"216":5,"218":5,"219":5,"220":96,"221":1,"222":1,"223":96,"224":5,"225":5,"226":5,"227":5,"228":96,"233":96,"234":96,"236":96,"237":96,"238":96,"239":96,"240":96,"241":96,"242":96,"243":96,"244":96,"245":96,"246":96,"247":96},"branchMap":{"0":{"type":"branch","line":107,"loc":{"start":{"line":107,"column":7},"end":{"line":248,"column":1}},"locations":[{"start":{"line":107,"column":7},"end":{"line":248,"column":1}}]},"1":{"type":"branch","line":110,"loc":{"start":{"line":110,"column":19},"end":{"line":110,"column":29}},"locations":[{"start":{"line":110,"column":19},"end":{"line":110,"column":29}}]},"2":{"type":"branch","line":121,"loc":{"start":{"line":121,"column":13},"end":{"line":135,"column":6}},"locations":[{"start":{"line":121,"column":13},"end":{"line":135,"column":6}}]},"3":{"type":"branch","line":122,"loc":{"start":{"line":122,"column":21},"end":{"line":122,"column":30}},"locations":[{"start":{"line":122,"column":21},"end":{"line":122,"column":30}}]},"4":{"type":"branch","line":126,"loc":{"start":{"line":126,"column":19},"end":{"line":128,"column":17}},"locations":[{"start":{"line":126,"column":19},"end":{"line":128,"column":17}}]},"5":{"type":"branch","line":128,"loc":{"start":{"line":128,"column":6},"end":{"line":132,"column":7}},"locations":[{"start":{"line":128,"column":6},"end":{"line":132,"column":7}}]},"6":{"type":"branch","line":128,"loc":{"start":{"line":128,"column":29},"end":{"line":130,"column":13}},"locations":[{"start":{"line":128,"column":29},"end":{"line":130,"column":13}}]},"7":{"type":"branch","line":130,"loc":{"start":{"line":130,"column":6},"end":{"line":132,"column":7}},"locations":[{"start":{"line":130,"column":6},"end":{"line":132,"column":7}}]},"8":{"type":"branch","line":131,"loc":{"start":{"line":131,"column":41},"end":{"line":132,"column":7}},"locations":[{"start":{"line":131,"column":41},"end":{"line":132,"column":7}}]},"9":{"type":"branch","line":132,"loc":{"start":{"line":132,"column":6},"end":{"line":134,"column":17}},"locations":[{"start":{"line":132,"column":6},"end":{"line":134,"column":17}}]},"10":{"type":"branch","line":140,"loc":{"start":{"line":140,"column":16},"end":{"line":143,"column":6}},"locations":[{"start":{"line":140,"column":16},"end":{"line":143,"column":6}}]},"11":{"type":"branch","line":141,"loc":{"start":{"line":141,"column":21},"end":{"line":141,"column":62}},"locations":[{"start":{"line":141,"column":21},"end":{"line":141,"column":62}}]},"12":{"type":"branch","line":144,"loc":{"start":{"line":144,"column":14},"end":{"line":162,"column":6}},"locations":[{"start":{"line":144,"column":14},"end":{"line":162,"column":6}}]},"13":{"type":"branch","line":148,"loc":{"start":{"line":148,"column":41},"end":{"line":159,"column":7}},"locations":[{"start":{"line":148,"column":41},"end":{"line":159,"column":7}}]},"14":{"type":"branch","line":163,"loc":{"start":{"line":163,"column":13},"end":{"line":165,"column":6}},"locations":[{"start":{"line":163,"column":13},"end":{"line":165,"column":6}}]},"15":{"type":"branch","line":166,"loc":{"start":{"line":166,"column":15},"end":{"line":170,"column":6}},"locations":[{"start":{"line":166,"column":15},"end":{"line":170,"column":6}}]},"16":{"type":"branch","line":167,"loc":{"start":{"line":167,"column":23},"end":{"line":169,"column":7}},"locations":[{"start":{"line":167,"column":23},"end":{"line":169,"column":7}}]},"17":{"type":"branch","line":174,"loc":{"start":{"line":174,"column":16},"end":{"line":177,"column":6}},"locations":[{"start":{"line":174,"column":16},"end":{"line":177,"column":6}}]},"18":{"type":"branch","line":175,"loc":{"start":{"line":175,"column":11},"end":{"line":175,"column":21}},"locations":[{"start":{"line":175,"column":11},"end":{"line":175,"column":21}}]},"19":{"type":"branch","line":175,"loc":{"start":{"line":175,"column":21},"end":{"line":175,"column":60}},"locations":[{"start":{"line":175,"column":21},"end":{"line":175,"column":60}}]},"20":{"type":"branch","line":175,"loc":{"start":{"line":175,"column":59},"end":{"line":176,"column":53}},"locations":[{"start":{"line":175,"column":59},"end":{"line":176,"column":53}}]},"21":{"type":"branch","line":176,"loc":{"start":{"line":176,"column":52},"end":{"line":176,"column":53}},"locations":[{"start":{"line":176,"column":52},"end":{"line":176,"column":53}}]},"22":{"type":"branch","line":178,"loc":{"start":{"line":178,"column":14},"end":{"line":196,"column":6}},"locations":[{"start":{"line":178,"column":14},"end":{"line":196,"column":6}}]},"23":{"type":"branch","line":182,"loc":{"start":{"line":182,"column":41},"end":{"line":192,"column":9}},"locations":[{"start":{"line":182,"column":41},"end":{"line":192,"column":9}}]},"24":{"type":"branch","line":183,"loc":{"start":{"line":183,"column":16},"end":{"line":191,"column":19}},"locations":[{"start":{"line":183,"column":16},"end":{"line":191,"column":19}}]},"25":{"type":"branch","line":184,"loc":{"start":{"line":184,"column":23},"end":{"line":190,"column":15}},"locations":[{"start":{"line":184,"column":23},"end":{"line":190,"column":15}}]},"26":{"type":"branch","line":188,"loc":{"start":{"line":188,"column":33},"end":{"line":188,"column":45}},"locations":[{"start":{"line":188,"column":33},"end":{"line":188,"column":45}}]},"27":{"type":"branch","line":188,"loc":{"start":{"line":188,"column":39},"end":{"line":188,"column":50}},"locations":[{"start":{"line":188,"column":39},"end":{"line":188,"column":50}}]},"28":{"type":"branch","line":190,"loc":{"start":{"line":190,"column":14},"end":{"line":191,"column":19}},"locations":[{"start":{"line":190,"column":14},"end":{"line":191,"column":19}}]},"29":{"type":"branch","line":197,"loc":{"start":{"line":197,"column":13},"end":{"line":199,"column":6}},"locations":[{"start":{"line":197,"column":13},"end":{"line":199,"column":6}}]},"30":{"type":"branch","line":200,"loc":{"start":{"line":200,"column":15},"end":{"line":204,"column":6}},"locations":[{"start":{"line":200,"column":15},"end":{"line":204,"column":6}}]},"31":{"type":"branch","line":208,"loc":{"start":{"line":208,"column":16},"end":{"line":210,"column":6}},"locations":[{"start":{"line":208,"column":16},"end":{"line":210,"column":6}}]},"32":{"type":"branch","line":209,"loc":{"start":{"line":209,"column":38},"end":{"line":209,"column":39}},"locations":[{"start":{"line":209,"column":38},"end":{"line":209,"column":39}}]},"33":{"type":"branch","line":211,"loc":{"start":{"line":211,"column":14},"end":{"line":220,"column":6}},"locations":[{"start":{"line":211,"column":14},"end":{"line":220,"column":6}}]},"34":{"type":"branch","line":215,"loc":{"start":{"line":215,"column":41},"end":{"line":216,"column":51}},"locations":[{"start":{"line":215,"column":41},"end":{"line":216,"column":51}}]},"35":{"type":"branch","line":216,"loc":{"start":{"line":216,"column":19},"end":{"line":216,"column":50}},"locations":[{"start":{"line":216,"column":19},"end":{"line":216,"column":50}}]},"36":{"type":"branch","line":221,"loc":{"start":{"line":221,"column":13},"end":{"line":223,"column":6}},"locations":[{"start":{"line":221,"column":13},"end":{"line":223,"column":6}}]},"37":{"type":"branch","line":224,"loc":{"start":{"line":224,"column":15},"end":{"line":228,"column":6}},"locations":[{"start":{"line":224,"column":15},"end":{"line":228,"column":6}}]},"38":{"type":"branch","line":234,"loc":{"start":{"line":234,"column":31},"end":{"line":234,"column":82}},"locations":[{"start":{"line":234,"column":31},"end":{"line":234,"column":82}}]},"39":{"type":"branch","line":234,"loc":{"start":{"line":234,"column":51},"end":{"line":234,"column":79}},"locations":[{"start":{"line":234,"column":51},"end":{"line":234,"column":79}}]},"40":{"type":"branch","line":235,"loc":{"start":{"line":235,"column":37},"end":{"line":235,"column":87}},"locations":[{"start":{"line":235,"column":37},"end":{"line":235,"column":87}}]},"41":{"type":"branch","line":235,"loc":{"start":{"line":235,"column":57},"end":{"line":235,"column":84}},"locations":[{"start":{"line":235,"column":57},"end":{"line":235,"column":84}}]},"42":{"type":"branch","line":243,"loc":{"start":{"line":243,"column":17},"end":{"line":243,"column":91}},"locations":[{"start":{"line":243,"column":17},"end":{"line":243,"column":91}}]},"43":{"type":"branch","line":244,"loc":{"start":{"line":244,"column":22},"end":{"line":244,"column":89}},"locations":[{"start":{"line":244,"column":22},"end":{"line":244,"column":89}}]},"44":{"type":"branch","line":245,"loc":{"start":{"line":245,"column":17},"end":{"line":245,"column":79}},"locations":[{"start":{"line":245,"column":17},"end":{"line":245,"column":79}}]},"45":{"type":"branch","line":246,"loc":{"start":{"line":246,"column":13},"end":{"line":246,"column":63}},"locations":[{"start":{"line":246,"column":13},"end":{"line":246,"column":63}}]}},"b":{"0":[96],"1":[95],"2":[59],"3":[0],"4":[3],"5":[56],"6":[3],"7":[53],"8":[52],"9":[58],"10":[7],"11":[0],"12":[7],"13":[7],"14":[1],"15":[7],"16":[6],"17":[6],"18":[5],"19":[1],"20":[5],"21":[4],"22":[6],"23":[6],"24":[16],"25":[6],"26":[5],"27":[1],"28":[10],"29":[2],"30":[6],"31":[5],"32":[4],"33":[5],"34":[5],"35":[15],"36":[1],"37":[5],"38":[91],"39":[135],"40":[91],"41":[135],"42":[7],"43":[6],"44":[5],"45":[1]},"fnMap":{"0":{"name":"useAlerts","decl":{"start":{"line":107,"column":7},"end":{"line":248,"column":1}},"loc":{"start":{"line":107,"column":7},"end":{"line":248,"column":1}},"line":107},"1":{"name":"queryFn","decl":{"start":{"line":121,"column":13},"end":{"line":135,"column":6}},"loc":{"start":{"line":121,"column":13},"end":{"line":135,"column":6}},"line":121},"2":{"name":"mutationFn","decl":{"start":{"line":140,"column":16},"end":{"line":143,"column":6}},"loc":{"start":{"line":140,"column":16},"end":{"line":143,"column":6}},"line":140},"3":{"name":"onMutate","decl":{"start":{"line":144,"column":14},"end":{"line":162,"column":6}},"loc":{"start":{"line":144,"column":14},"end":{"line":162,"column":6}},"line":144},"4":{"name":"onError","decl":{"start":{"line":163,"column":13},"end":{"line":165,"column":6}},"loc":{"start":{"line":163,"column":13},"end":{"line":165,"column":6}},"line":163},"5":{"name":"onSettled","decl":{"start":{"line":166,"column":15},"end":{"line":170,"column":6}},"loc":{"start":{"line":166,"column":15},"end":{"line":170,"column":6}},"line":166},"6":{"name":"mutationFn","decl":{"start":{"line":174,"column":16},"end":{"line":177,"column":6}},"loc":{"start":{"line":174,"column":16},"end":{"line":177,"column":6}},"line":174},"7":{"name":"onMutate","decl":{"start":{"line":178,"column":14},"end":{"line":196,"column":6}},"loc":{"start":{"line":178,"column":14},"end":{"line":196,"column":6}},"line":178},"8":{"name":"onError","decl":{"start":{"line":197,"column":13},"end":{"line":199,"column":6}},"loc":{"start":{"line":197,"column":13},"end":{"line":199,"column":6}},"line":197},"9":{"name":"onSettled","decl":{"start":{"line":200,"column":15},"end":{"line":204,"column":6}},"loc":{"start":{"line":200,"column":15},"end":{"line":204,"column":6}},"line":200},"10":{"name":"mutationFn","decl":{"start":{"line":208,"column":16},"end":{"line":210,"column":6}},"loc":{"start":{"line":208,"column":16},"end":{"line":210,"column":6}},"line":208},"11":{"name":"onMutate","decl":{"start":{"line":211,"column":14},"end":{"line":220,"column":6}},"loc":{"start":{"line":211,"column":14},"end":{"line":220,"column":6}},"line":211},"12":{"name":"onError","decl":{"start":{"line":221,"column":13},"end":{"line":223,"column":6}},"loc":{"start":{"line":221,"column":13},"end":{"line":223,"column":6}},"line":221},"13":{"name":"onSettled","decl":{"start":{"line":224,"column":15},"end":{"line":228,"column":6}},"loc":{"start":{"line":224,"column":15},"end":{"line":228,"column":6}},"line":224},"14":{"name":"createAlert","decl":{"start":{"line":243,"column":17},"end":{"line":243,"column":91}},"loc":{"start":{"line":243,"column":17},"end":{"line":243,"column":91}},"line":243},"15":{"name":"acknowledgeAlert","decl":{"start":{"line":244,"column":22},"end":{"line":244,"column":89}},"loc":{"start":{"line":244,"column":22},"end":{"line":244,"column":89}},"line":244},"16":{"name":"deleteAlert","decl":{"start":{"line":245,"column":17},"end":{"line":245,"column":79}},"loc":{"start":{"line":245,"column":17},"end":{"line":245,"column":79}},"line":245},"17":{"name":"refresh","decl":{"start":{"line":246,"column":13},"end":{"line":246,"column":63}},"loc":{"start":{"line":246,"column":13},"end":{"line":246,"column":63}},"line":246}},"f":{"0":96,"1":59,"2":7,"3":7,"4":1,"5":7,"6":6,"7":6,"8":2,"9":6,"10":5,"11":5,"12":1,"13":5,"14":7,"15":6,"16":5,"17":1}}
,"C:\\Users\\alvar\\Downloads\\restaurantmanagement\\hooks\\use-menu.ts": {"path":"C:\\Users\\alvar\\Downloads\\restaurantmanagement\\hooks\\use-menu.ts","all":false,"statementMap":{"6":{"start":{"line":7,"column":0},"end":{"line":7,"column":77}},"7":{"start":{"line":8,"column":0},"end":{"line":8,"column":49}},"8":{"start":{"line":9,"column":0},"end":{"line":9,"column":8}},"20":{"start":{"line":21,"column":0},"end":{"line":21,"column":37}},"21":{"start":{"line":22,"column":0},"end":{"line":22,"column":30}},"22":{"start":{"line":23,"column":0},"end":{"line":23,"column":38}},"24":{"start":{"line":25,"column":0},"end":{"line":25,"column":53}},"26":{"start":{"line":27,"column":0},"end":{"line":27,"column":9}},"27":{"start":{"line":28,"column":0},"end":{"line":28,"column":26}},"28":{"start":{"line":29,"column":0},"end":{"line":29,"column":23}},"29":{"start":{"line":30,"column":0},"end":{"line":30,"column":10}},"30":{"start":{"line":31,"column":0},"end":{"line":31,"column":16}},"31":{"start":{"line":32,"column":0},"end":{"line":32,"column":13}},"32":{"start":{"line":33,"column":0},"end":{"line":33,"column":26}},"33":{"start":{"line":34,"column":0},"end":{"line":34,"column":32}},"34":{"start":{"line":35,"column":0},"end":{"line":35,"column":83}},"35":{"start":{"line":36,"column":0},"end":{"line":36,"column":38}},"36":{"start":{"line":37,"column":0},"end":{"line":37,"column":23}},"37":{"start":{"line":38,"column":0},"end":{"line":38,"column":6}},"38":{"start":{"line":39,"column":0},"end":{"line":39,"column":26}},"39":{"start":{"line":40,"column":0},"end":{"line":40,"column":4}},"41":{"start":{"line":42,"column":0},"end":{"line":42,"column":46}},"42":{"start":{"line":43,"column":0},"end":{"line":43,"column":31}},"46":{"start":{"line":47,"column":0},"end":{"line":47,"column":11}},"47":{"start":{"line":48,"column":0},"end":{"line":48,"column":64}},"48":{"start":{"line":49,"column":0},"end":{"line":49,"column":92}},"49":{"start":{"line":50,"column":0},"end":{"line":50,"column":40}},"50":{"start":{"line":51,"column":0},"end":{"line":51,"column":17}},"51":{"start":{"line":52,"column":0},"end":{"line":52,"column":6}},"52":{"start":{"line":53,"column":0},"end":{"line":53,"column":38}},"53":{"start":{"line":54,"column":0},"end":{"line":54,"column":51}},"54":{"start":{"line":55,"column":0},"end":{"line":55,"column":67}},"56":{"start":{"line":57,"column":0},"end":{"line":57,"column":63}},"57":{"start":{"line":58,"column":0},"end":{"line":58,"column":15}},"58":{"start":{"line":59,"column":0},"end":{"line":59,"column":67}},"59":{"start":{"line":60,"column":0},"end":{"line":60,"column":8}},"61":{"start":{"line":62,"column":0},"end":{"line":62,"column":35}},"62":{"start":{"line":63,"column":0},"end":{"line":63,"column":6}},"63":{"start":{"line":64,"column":0},"end":{"line":64,"column":45}},"64":{"start":{"line":65,"column":0},"end":{"line":65,"column":69}},"65":{"start":{"line":66,"column":0},"end":{"line":66,"column":6}},"66":{"start":{"line":67,"column":0},"end":{"line":67,"column":22}},"67":{"start":{"line":68,"column":0},"end":{"line":68,"column":49}},"68":{"start":{"line":69,"column":0},"end":{"line":69,"column":6}},"69":{"start":{"line":70,"column":0},"end":{"line":70,"column":4}},"71":{"start":{"line":72,"column":0},"end":{"line":72,"column":46}},"72":{"start":{"line":73,"column":0},"end":{"line":73,"column":24}},"73":{"start":{"line":74,"column":0},"end":{"line":74,"column":17}},"74":{"start":{"line":75,"column":0},"end":{"line":75,"column":14}},"75":{"start":{"line":76,"column":0},"end":{"line":76,"column":8}},"83":{"start":{"line":84,"column":0},"end":{"line":84,"column":11}},"84":{"start":{"line":85,"column":0},"end":{"line":85,"column":64}},"85":{"start":{"line":86,"column":0},"end":{"line":86,"column":106}},"86":{"start":{"line":87,"column":0},"end":{"line":87,"column":40}},"87":{"start":{"line":88,"column":0},"end":{"line":88,"column":17}},"88":{"start":{"line":89,"column":0},"end":{"line":89,"column":6}},"89":{"start":{"line":90,"column":0},"end":{"line":90,"column":50}},"90":{"start":{"line":91,"column":0},"end":{"line":91,"column":51}},"91":{"start":{"line":92,"column":0},"end":{"line":92,"column":67}},"93":{"start":{"line":94,"column":0},"end":{"line":94,"column":61}},"94":{"start":{"line":95,"column":0},"end":{"line":95,"column":100}},"95":{"start":{"line":96,"column":0},"end":{"line":96,"column":7}},"97":{"start":{"line":98,"column":0},"end":{"line":98,"column":35}},"98":{"start":{"line":99,"column":0},"end":{"line":99,"column":6}},"99":{"start":{"line":100,"column":0},"end":{"line":100,"column":43}},"100":{"start":{"line":101,"column":0},"end":{"line":101,"column":69}},"101":{"start":{"line":102,"column":0},"end":{"line":102,"column":6}},"102":{"start":{"line":103,"column":0},"end":{"line":103,"column":22}},"103":{"start":{"line":104,"column":0},"end":{"line":104,"column":49}},"104":{"start":{"line":105,"column":0},"end":{"line":105,"column":6}},"105":{"start":{"line":106,"column":0},"end":{"line":106,"column":4}},"107":{"start":{"line":108,"column":0},"end":{"line":108,"column":10}},"108":{"start":{"line":109,"column":0},"end":{"line":109,"column":15}},"109":{"start":{"line":110,"column":0},"end":{"line":110,"column":12}},"110":{"start":{"line":111,"column":0},"end":{"line":111,"column":33}},"111":{"start":{"line":112,"column":0},"end":{"line":112,"column":88}},"112":{"start":{"line":113,"column":0},"end":{"line":113,"column":48}},"113":{"start":{"line":114,"column":0},"end":{"line":114,"column":57}},"114":{"start":{"line":115,"column":0},"end":{"line":115,"column":66}},"115":{"start":{"line":116,"column":0},"end":{"line":116,"column":63}},"116":{"start":{"line":117,"column":0},"end":{"line":117,"column":3}},"117":{"start":{"line":118,"column":0},"end":{"line":118,"column":1}},"119":{"start":{"line":120,"column":0},"end":{"line":120,"column":40}},"123":{"start":{"line":124,"column":0},"end":{"line":124,"column":4}},"124":{"start":{"line":125,"column":0},"end":{"line":125,"column":30}},"125":{"start":{"line":126,"column":0},"end":{"line":126,"column":38}},"127":{"start":{"line":128,"column":0},"end":{"line":128,"column":57}},"129":{"start":{"line":130,"column":0},"end":{"line":130,"column":9}},"130":{"start":{"line":131,"column":0},"end":{"line":131,"column":21}},"131":{"start":{"line":132,"column":0},"end":{"line":132,"column":23}},"132":{"start":{"line":133,"column":0},"end":{"line":133,"column":10}},"133":{"start":{"line":134,"column":0},"end":{"line":134,"column":16}},"134":{"start":{"line":135,"column":0},"end":{"line":135,"column":13}},"135":{"start":{"line":136,"column":0},"end":{"line":136,"column":26}},"136":{"start":{"line":137,"column":0},"end":{"line":137,"column":32}},"137":{"start":{"line":138,"column":0},"end":{"line":138,"column":87}},"138":{"start":{"line":139,"column":0},"end":{"line":139,"column":38}},"139":{"start":{"line":140,"column":0},"end":{"line":140,"column":23}},"140":{"start":{"line":141,"column":0},"end":{"line":141,"column":6}},"141":{"start":{"line":142,"column":0},"end":{"line":142,"column":26}},"142":{"start":{"line":143,"column":0},"end":{"line":143,"column":4}},"144":{"start":{"line":145,"column":0},"end":{"line":145,"column":42}},"145":{"start":{"line":146,"column":0},"end":{"line":146,"column":31}},"154":{"start":{"line":155,"column":0},"end":{"line":155,"column":11}},"155":{"start":{"line":156,"column":0},"end":{"line":156,"column":64}},"156":{"start":{"line":157,"column":0},"end":{"line":157,"column":88}},"157":{"start":{"line":158,"column":0},"end":{"line":158,"column":40}},"158":{"start":{"line":159,"column":0},"end":{"line":159,"column":17}},"159":{"start":{"line":160,"column":0},"end":{"line":160,"column":6}},"160":{"start":{"line":161,"column":0},"end":{"line":161,"column":34}},"161":{"start":{"line":162,"column":0},"end":{"line":162,"column":51}},"162":{"start":{"line":163,"column":0},"end":{"line":163,"column":62}},"164":{"start":{"line":165,"column":0},"end":{"line":165,"column":63}},"165":{"start":{"line":166,"column":0},"end":{"line":166,"column":15}},"166":{"start":{"line":167,"column":0},"end":{"line":167,"column":49}},"167":{"start":{"line":168,"column":0},"end":{"line":168,"column":8}},"169":{"start":{"line":170,"column":0},"end":{"line":170,"column":30}},"170":{"start":{"line":171,"column":0},"end":{"line":171,"column":6}},"171":{"start":{"line":172,"column":0},"end":{"line":172,"column":41}},"172":{"start":{"line":173,"column":0},"end":{"line":173,"column":64}},"173":{"start":{"line":174,"column":0},"end":{"line":174,"column":6}},"174":{"start":{"line":175,"column":0},"end":{"line":175,"column":22}},"175":{"start":{"line":176,"column":0},"end":{"line":176,"column":49}},"176":{"start":{"line":177,"column":0},"end":{"line":177,"column":6}},"177":{"start":{"line":178,"column":0},"end":{"line":178,"column":4}},"179":{"start":{"line":180,"column":0},"end":{"line":180,"column":42}},"180":{"start":{"line":181,"column":0},"end":{"line":181,"column":24}},"181":{"start":{"line":182,"column":0},"end":{"line":182,"column":13}},"182":{"start":{"line":183,"column":0},"end":{"line":183,"column":14}},"183":{"start":{"line":184,"column":0},"end":{"line":184,"column":8}},"195":{"start":{"line":196,"column":0},"end":{"line":196,"column":11}},"196":{"start":{"line":197,"column":0},"end":{"line":197,"column":64}},"197":{"start":{"line":198,"column":0},"end":{"line":198,"column":98}},"198":{"start":{"line":199,"column":0},"end":{"line":199,"column":40}},"199":{"start":{"line":200,"column":0},"end":{"line":200,"column":17}},"200":{"start":{"line":201,"column":0},"end":{"line":201,"column":6}},"201":{"start":{"line":202,"column":0},"end":{"line":202,"column":46}},"202":{"start":{"line":203,"column":0},"end":{"line":203,"column":51}},"203":{"start":{"line":204,"column":0},"end":{"line":204,"column":62}},"205":{"start":{"line":206,"column":0},"end":{"line":206,"column":61}},"206":{"start":{"line":207,"column":0},"end":{"line":207,"column":80}},"207":{"start":{"line":208,"column":0},"end":{"line":208,"column":7}},"209":{"start":{"line":210,"column":0},"end":{"line":210,"column":30}},"210":{"start":{"line":211,"column":0},"end":{"line":211,"column":6}},"211":{"start":{"line":212,"column":0},"end":{"line":212,"column":43}},"212":{"start":{"line":213,"column":0},"end":{"line":213,"column":64}},"213":{"start":{"line":214,"column":0},"end":{"line":214,"column":6}},"214":{"start":{"line":215,"column":0},"end":{"line":215,"column":22}},"215":{"start":{"line":216,"column":0},"end":{"line":216,"column":49}},"216":{"start":{"line":217,"column":0},"end":{"line":217,"column":6}},"217":{"start":{"line":218,"column":0},"end":{"line":218,"column":4}},"219":{"start":{"line":220,"column":0},"end":{"line":220,"column":42}},"220":{"start":{"line":221,"column":0},"end":{"line":221,"column":43}},"221":{"start":{"line":222,"column":0},"end":{"line":222,"column":64}},"222":{"start":{"line":223,"column":0},"end":{"line":223,"column":83}},"223":{"start":{"line":224,"column":0},"end":{"line":224,"column":40}},"224":{"start":{"line":225,"column":0},"end":{"line":225,"column":6}},"225":{"start":{"line":226,"column":0},"end":{"line":226,"column":33}},"226":{"start":{"line":227,"column":0},"end":{"line":227,"column":51}},"227":{"start":{"line":228,"column":0},"end":{"line":228,"column":62}},"229":{"start":{"line":230,"column":0},"end":{"line":230,"column":61}},"230":{"start":{"line":231,"column":0},"end":{"line":231,"column":48}},"231":{"start":{"line":232,"column":0},"end":{"line":232,"column":7}},"233":{"start":{"line":234,"column":0},"end":{"line":234,"column":30}},"234":{"start":{"line":235,"column":0},"end":{"line":235,"column":6}},"235":{"start":{"line":236,"column":0},"end":{"line":236,"column":40}},"236":{"start":{"line":237,"column":0},"end":{"line":237,"column":64}},"237":{"start":{"line":238,"column":0},"end":{"line":238,"column":6}},"238":{"start":{"line":239,"column":0},"end":{"line":239,"column":22}},"239":{"start":{"line":240,"column":0},"end":{"line":240,"column":49}},"240":{"start":{"line":241,"column":0},"end":{"line":241,"column":6}},"241":{"start":{"line":242,"column":0},"end":{"line":242,"column":4}},"243":{"start":{"line":244,"column":0},"end":{"line":244,"column":10}},"244":{"start":{"line":245,"column":0},"end":{"line":245,"column":10}},"245":{"start":{"line":246,"column":0},"end":{"line":246,"column":12}},"246":{"start":{"line":247,"column":0},"end":{"line":247,"column":33}},"247":{"start":{"line":248,"column":0},"end":{"line":248,"column":80}},"248":{"start":{"line":249,"column":0},"end":{"line":249,"column":44}},"249":{"start":{"line":250,"column":0},"end":{"line":250,"column":49}},"250":{"start":{"line":251,"column":0},"end":{"line":251,"column":58}},"251":{"start":{"line":252,"column":0},"end":{"line":252,"column":75}},"252":{"start":{"line":253,"column":0},"end":{"line":253,"column":63}},"253":{"start":{"line":254,"column":0},"end":{"line":254,"column":3}},"254":{"start":{"line":255,"column":0},"end":{"line":255,"column":1}},"256":{"start":{"line":257,"column":0},"end":{"line":257,"column":46}},"257":{"start":{"line":258,"column":0},"end":{"line":258,"column":30}},"259":{"start":{"line":260,"column":0},"end":{"line":260,"column":69}},"260":{"start":{"line":261,"column":0},"end":{"line":261,"column":51}},"261":{"start":{"line":262,"column":0},"end":{"line":262,"column":26}},"262":{"start":{"line":263,"column":0},"end":{"line":263,"column":45}},"263":{"start":{"line":264,"column":0},"end":{"line":264,"column":89}},"264":{"start":{"line":265,"column":0},"end":{"line":265,"column":38}},"265":{"start":{"line":266,"column":0},"end":{"line":266,"column":17}},"266":{"start":{"line":267,"column":0},"end":{"line":267,"column":6}},"267":{"start":{"line":268,"column":0},"end":{"line":268,"column":38}},"268":{"start":{"line":269,"column":0},"end":{"line":269,"column":4}},"270":{"start":{"line":271,"column":0},"end":{"line":271,"column":10}},"271":{"start":{"line":272,"column":0},"end":{"line":272,"column":9}},"272":{"start":{"line":273,"column":0},"end":{"line":273,"column":12}},"273":{"start":{"line":274,"column":0},"end":{"line":274,"column":33}},"274":{"start":{"line":275,"column":0},"end":{"line":275,"column":20}},"276":{"start":{"line":277,"column":0},"end":{"line":277,"column":6}},"277":{"start":{"line":278,"column":0},"end":{"line":278,"column":3}},"278":{"start":{"line":279,"column":0},"end":{"line":279,"column":1}},"280":{"start":{"line":281,"column":0},"end":{"line":281,"column":31}},"281":{"start":{"line":282,"column":0},"end":{"line":282,"column":30}},"283":{"start":{"line":284,"column":0},"end":{"line":284,"column":67}},"284":{"start":{"line":285,"column":0},"end":{"line":285,"column":43}},"285":{"start":{"line":286,"column":0},"end":{"line":286,"column":26}},"286":{"start":{"line":287,"column":0},"end":{"line":287,"column":32}},"287":{"start":{"line":288,"column":0},"end":{"line":288,"column":77}},"288":{"start":{"line":289,"column":0},"end":{"line":289,"column":38}},"289":{"start":{"line":290,"column":0},"end":{"line":290,"column":23}},"290":{"start":{"line":291,"column":0},"end":{"line":291,"column":6}},"291":{"start":{"line":292,"column":0},"end":{"line":292,"column":26}},"292":{"start":{"line":293,"column":0},"end":{"line":293,"column":4}},"294":{"start":{"line":295,"column":0},"end":{"line":295,"column":10}},"295":{"start":{"line":296,"column":0},"end":{"line":296,"column":9}},"296":{"start":{"line":297,"column":0},"end":{"line":297,"column":12}},"297":{"start":{"line":298,"column":0},"end":{"line":298,"column":33}},"298":{"start":{"line":299,"column":0},"end":{"line":299,"column":20}},"300":{"start":{"line":301,"column":0},"end":{"line":301,"column":6}},"301":{"start":{"line":302,"column":0},"end":{"line":302,"column":3}},"302":{"start":{"line":303,"column":0},"end":{"line":303,"column":1}}},"s":{"6":1,"7":1,"8":1,"20":1,"21":37,"22":37,"24":37,"26":37,"27":37,"28":37,"29":37,"30":37,"31":37,"32":37,"33":23,"34":23,"35":23,"36":23,"37":23,"38":37,"39":37,"41":37,"42":37,"46":4,"47":4,"48":4,"49":4,"50":3,"51":4,"52":37,"53":4,"54":4,"56":4,"57":4,"58":4,"59":4,"61":4,"62":4,"63":37,"64":1,"65":1,"66":37,"67":4,"68":4,"69":37,"71":37,"72":37,"73":3,"74":3,"75":3,"83":3,"84":3,"85":3,"86":3,"87":1,"88":3,"89":37,"90":3,"91":3,"93":3,"94":3,"95":3,"97":3,"98":3,"99":37,"100":2,"101":2,"102":37,"103":3,"104":3,"105":37,"107":37,"108":37,"109":37,"110":37,"111":37,"112":4,"113":37,"114":3,"115":37,"116":37,"117":37,"119":1,"123":77,"124":77,"125":77,"127":77,"129":77,"130":77,"131":77,"132":77,"133":77,"134":77,"135":77,"136":49,"137":49,"138":49,"139":49,"140":49,"141":77,"142":77,"144":77,"145":77,"154":4,"155":4,"156":4,"157":4,"158":3,"159":4,"160":77,"161":4,"162":4,"164":4,"165":4,"166":4,"167":4,"169":4,"170":4,"171":77,"172":1,"173":1,"174":77,"175":4,"176":4,"177":77,"179":77,"180":77,"181":5,"182":5,"183":5,"195":5,"196":5,"197":5,"198":5,"199":3,"200":5,"201":77,"202":5,"203":5,"205":5,"206":5,"207":5,"209":5,"210":5,"211":77,"212":2,"213":2,"214":77,"215":5,"216":5,"217":77,"219":77,"220":77,"221":3,"222":3,"223":3,"224":3,"225":77,"226":3,"227":3,"229":3,"230":3,"231":3,"233":3,"234":3,"235":77,"236":2,"237":2,"238":77,"239":3,"240":3,"241":77,"243":77,"244":77,"245":77,"246":77,"247":77,"248":4,"249":77,"250":5,"251":77,"252":77,"253":77,"254":77,"256":1,"257":8,"259":8,"260":8,"261":8,"262":3,"263":3,"264":3,"265":2,"266":3,"267":8,"268":8,"270":8,"271":8,"272":8,"273":8,"274":8,"276":0,"277":8,"278":8,"280":1,"281":10,"283":10,"284":10,"285":10,"286":4,"287":4,"288":4,"289":4,"290":4,"291":10,"292":10,"294":10,"295":10,"296":10,"297":10,"298":10,"300":0,"301":10,"302":10},"branchMap":{"0":{"type":"branch","line":21,"loc":{"start":{"line":21,"column":7},"end":{"line":118,"column":1}},"locations":[{"start":{"line":21,"column":7},"end":{"line":118,"column":1}}]},"1":{"type":"branch","line":25,"loc":{"start":{"line":25,"column":42},"end":{"line":25,"column":52}},"locations":[{"start":{"line":25,"column":42},"end":{"line":25,"column":52}}]},"2":{"type":"branch","line":39,"loc":{"start":{"line":39,"column":15},"end":{"line":39,"column":26}},"locations":[{"start":{"line":39,"column":15},"end":{"line":39,"column":26}}]},"3":{"type":"branch","line":33,"loc":{"start":{"line":33,"column":13},"end":{"line":38,"column":6}},"locations":[{"start":{"line":33,"column":13},"end":{"line":38,"column":6}}]},"4":{"type":"branch","line":34,"loc":{"start":{"line":34,"column":23},"end":{"line":34,"column":32}},"locations":[{"start":{"line":34,"column":23},"end":{"line":34,"column":32}}]},"5":{"type":"branch","line":36,"loc":{"start":{"line":36,"column":22},"end":{"line":36,"column":38}},"locations":[{"start":{"line":36,"column":22},"end":{"line":36,"column":38}}]},"6":{"type":"branch","line":36,"loc":{"start":{"line":36,"column":28},"end":{"line":37,"column":21}},"locations":[{"start":{"line":36,"column":28},"end":{"line":37,"column":21}}]},"7":{"type":"branch","line":37,"loc":{"start":{"line":37,"column":13},"end":{"line":37,"column":23}},"locations":[{"start":{"line":37,"column":13},"end":{"line":37,"column":23}}]},"8":{"type":"branch","line":43,"loc":{"start":{"line":43,"column":16},"end":{"line":52,"column":6}},"locations":[{"start":{"line":43,"column":16},"end":{"line":52,"column":6}}]},"9":{"type":"branch","line":48,"loc":{"start":{"line":48,"column":23},"end":{"line":48,"column":64}},"locations":[{"start":{"line":48,"column":23},"end":{"line":48,"column":64}}]},"10":{"type":"branch","line":50,"loc":{"start":{"line":50,"column":23},"end":{"line":50,"column":40}},"locations":[{"start":{"line":50,"column":23},"end":{"line":50,"column":40}}]},"11":{"type":"branch","line":50,"loc":{"start":{"line":50,"column":29},"end":{"line":51,"column":17}},"locations":[{"start":{"line":50,"column":29},"end":{"line":51,"column":17}}]},"12":{"type":"branch","line":53,"loc":{"start":{"line":53,"column":14},"end":{"line":63,"column":6}},"locations":[{"start":{"line":53,"column":14},"end":{"line":63,"column":6}}]},"13":{"type":"branch","line":57,"loc":{"start":{"line":57,"column":41},"end":{"line":60,"column":7}},"locations":[{"start":{"line":57,"column":41},"end":{"line":60,"column":7}}]},"14":{"type":"branch","line":64,"loc":{"start":{"line":64,"column":13},"end":{"line":66,"column":6}},"locations":[{"start":{"line":64,"column":13},"end":{"line":66,"column":6}}]},"15":{"type":"branch","line":67,"loc":{"start":{"line":67,"column":15},"end":{"line":69,"column":6}},"locations":[{"start":{"line":67,"column":15},"end":{"line":69,"column":6}}]},"16":{"type":"branch","line":73,"loc":{"start":{"line":73,"column":16},"end":{"line":89,"column":6}},"locations":[{"start":{"line":73,"column":16},"end":{"line":89,"column":6}}]},"17":{"type":"branch","line":85,"loc":{"start":{"line":85,"column":23},"end":{"line":85,"column":64}},"locations":[{"start":{"line":85,"column":23},"end":{"line":85,"column":64}}]},"18":{"type":"branch","line":87,"loc":{"start":{"line":87,"column":23},"end":{"line":87,"column":40}},"locations":[{"start":{"line":87,"column":23},"end":{"line":87,"column":40}}]},"19":{"type":"branch","line":87,"loc":{"start":{"line":87,"column":29},"end":{"line":88,"column":17}},"locations":[{"start":{"line":87,"column":29},"end":{"line":88,"column":17}}]},"20":{"type":"branch","line":90,"loc":{"start":{"line":90,"column":14},"end":{"line":99,"column":6}},"locations":[{"start":{"line":90,"column":14},"end":{"line":99,"column":6}}]},"21":{"type":"branch","line":94,"loc":{"start":{"line":94,"column":41},"end":{"line":95,"column":100}},"locations":[{"start":{"line":94,"column":41},"end":{"line":95,"column":100}}]},"22":{"type":"branch","line":95,"loc":{"start":{"line":95,"column":16},"end":{"line":95,"column":99}},"locations":[{"start":{"line":95,"column":16},"end":{"line":95,"column":99}}]},"23":{"type":"branch","line":95,"loc":{"start":{"line":95,"column":47},"end":{"line":95,"column":90}},"locations":[{"start":{"line":95,"column":47},"end":{"line":95,"column":90}}]},"24":{"type":"branch","line":95,"loc":{"start":{"line":95,"column":86},"end":{"line":95,"column":99}},"locations":[{"start":{"line":95,"column":86},"end":{"line":95,"column":99}}]},"25":{"type":"branch","line":100,"loc":{"start":{"line":100,"column":13},"end":{"line":102,"column":6}},"locations":[{"start":{"line":100,"column":13},"end":{"line":102,"column":6}}]},"26":{"type":"branch","line":103,"loc":{"start":{"line":103,"column":15},"end":{"line":105,"column":6}},"locations":[{"start":{"line":103,"column":15},"end":{"line":105,"column":6}}]},"27":{"type":"branch","line":112,"loc":{"start":{"line":112,"column":20},"end":{"line":113,"column":48}},"locations":[{"start":{"line":112,"column":20},"end":{"line":113,"column":48}}]},"28":{"type":"branch","line":114,"loc":{"start":{"line":114,"column":20},"end":{"line":115,"column":66}},"locations":[{"start":{"line":114,"column":20},"end":{"line":115,"column":66}}]},"29":{"type":"branch","line":116,"loc":{"start":{"line":116,"column":13},"end":{"line":116,"column":63}},"locations":[{"start":{"line":116,"column":13},"end":{"line":116,"column":63}}]},"30":{"type":"branch","line":120,"loc":{"start":{"line":120,"column":7},"end":{"line":255,"column":1}},"locations":[{"start":{"line":120,"column":7},"end":{"line":255,"column":1}}]},"31":{"type":"branch","line":128,"loc":{"start":{"line":128,"column":37},"end":{"line":128,"column":49}},"locations":[{"start":{"line":128,"column":37},"end":{"line":128,"column":49}}]},"32":{"type":"branch","line":142,"loc":{"start":{"line":142,"column":15},"end":{"line":142,"column":26}},"locations":[{"start":{"line":142,"column":15},"end":{"line":142,"column":26}}]},"33":{"type":"branch","line":136,"loc":{"start":{"line":136,"column":13},"end":{"line":141,"column":6}},"locations":[{"start":{"line":136,"column":13},"end":{"line":141,"column":6}}]},"34":{"type":"branch","line":137,"loc":{"start":{"line":137,"column":23},"end":{"line":137,"column":32}},"locations":[{"start":{"line":137,"column":23},"end":{"line":137,"column":32}}]},"35":{"type":"branch","line":139,"loc":{"start":{"line":139,"column":22},"end":{"line":139,"column":38}},"locations":[{"start":{"line":139,"column":22},"end":{"line":139,"column":38}}]},"36":{"type":"branch","line":139,"loc":{"start":{"line":139,"column":28},"end":{"line":140,"column":21}},"locations":[{"start":{"line":139,"column":28},"end":{"line":140,"column":21}}]},"37":{"type":"branch","line":140,"loc":{"start":{"line":140,"column":13},"end":{"line":140,"column":23}},"locations":[{"start":{"line":140,"column":13},"end":{"line":140,"column":23}}]},"38":{"type":"branch","line":146,"loc":{"start":{"line":146,"column":16},"end":{"line":160,"column":6}},"locations":[{"start":{"line":146,"column":16},"end":{"line":160,"column":6}}]},"39":{"type":"branch","line":156,"loc":{"start":{"line":156,"column":23},"end":{"line":156,"column":64}},"locations":[{"start":{"line":156,"column":23},"end":{"line":156,"column":64}}]},"40":{"type":"branch","line":158,"loc":{"start":{"line":158,"column":23},"end":{"line":158,"column":40}},"locations":[{"start":{"line":158,"column":23},"end":{"line":158,"column":40}}]},"41":{"type":"branch","line":158,"loc":{"start":{"line":158,"column":29},"end":{"line":159,"column":17}},"locations":[{"start":{"line":158,"column":29},"end":{"line":159,"column":17}}]},"42":{"type":"branch","line":161,"loc":{"start":{"line":161,"column":14},"end":{"line":171,"column":6}},"locations":[{"start":{"line":161,"column":14},"end":{"line":171,"column":6}}]},"43":{"type":"branch","line":165,"loc":{"start":{"line":165,"column":41},"end":{"line":168,"column":7}},"locations":[{"start":{"line":165,"column":41},"end":{"line":168,"column":7}}]},"44":{"type":"branch","line":172,"loc":{"start":{"line":172,"column":13},"end":{"line":174,"column":6}},"locations":[{"start":{"line":172,"column":13},"end":{"line":174,"column":6}}]},"45":{"type":"branch","line":175,"loc":{"start":{"line":175,"column":15},"end":{"line":177,"column":6}},"locations":[{"start":{"line":175,"column":15},"end":{"line":177,"column":6}}]},"46":{"type":"branch","line":181,"loc":{"start":{"line":181,"column":16},"end":{"line":201,"column":6}},"locations":[{"start":{"line":181,"column":16},"end":{"line":201,"column":6}}]},"47":{"type":"branch","line":197,"loc":{"start":{"line":197,"column":23},"end":{"line":197,"column":64}},"locations":[{"start":{"line":197,"column":23},"end":{"line":197,"column":64}}]},"48":{"type":"branch","line":199,"loc":{"start":{"line":199,"column":23},"end":{"line":199,"column":40}},"locations":[{"start":{"line":199,"column":23},"end":{"line":199,"column":40}}]},"49":{"type":"branch","line":199,"loc":{"start":{"line":199,"column":29},"end":{"line":200,"column":17}},"locations":[{"start":{"line":199,"column":29},"end":{"line":200,"column":17}}]},"50":{"type":"branch","line":202,"loc":{"start":{"line":202,"column":14},"end":{"line":211,"column":6}},"locations":[{"start":{"line":202,"column":14},"end":{"line":211,"column":6}}]},"51":{"type":"branch","line":206,"loc":{"start":{"line":206,"column":41},"end":{"line":207,"column":80}},"locations":[{"start":{"line":206,"column":41},"end":{"line":207,"column":80}}]},"52":{"type":"branch","line":207,"loc":{"start":{"line":207,"column":16},"end":{"line":207,"column":79}},"locations":[{"start":{"line":207,"column":16},"end":{"line":207,"column":79}}]},"53":{"type":"branch","line":207,"loc":{"start":{"line":207,"column":39},"end":{"line":207,"column":74}},"locations":[{"start":{"line":207,"column":39},"end":{"line":207,"column":74}}]},"54":{"type":"branch","line":207,"loc":{"start":{"line":207,"column":70},"end":{"line":207,"column":79}},"locations":[{"start":{"line":207,"column":70},"end":{"line":207,"column":79}}]},"55":{"type":"branch","line":212,"loc":{"start":{"line":212,"column":13},"end":{"line":214,"column":6}},"locations":[{"start":{"line":212,"column":13},"end":{"line":214,"column":6}}]},"56":{"type":"branch","line":215,"loc":{"start":{"line":215,"column":15},"end":{"line":217,"column":6}},"locations":[{"start":{"line":215,"column":15},"end":{"line":217,"column":6}}]},"57":{"type":"branch","line":221,"loc":{"start":{"line":221,"column":16},"end":{"line":225,"column":6}},"locations":[{"start":{"line":221,"column":16},"end":{"line":225,"column":6}}]},"58":{"type":"branch","line":222,"loc":{"start":{"line":222,"column":23},"end":{"line":222,"column":64}},"locations":[{"start":{"line":222,"column":23},"end":{"line":222,"column":64}}]},"59":{"type":"branch","line":224,"loc":{"start":{"line":224,"column":23},"end":{"line":224,"column":40}},"locations":[{"start":{"line":224,"column":23},"end":{"line":224,"column":40}}]},"60":{"type":"branch","line":226,"loc":{"start":{"line":226,"column":14},"end":{"line":235,"column":6}},"locations":[{"start":{"line":226,"column":14},"end":{"line":235,"column":6}}]},"61":{"type":"branch","line":230,"loc":{"start":{"line":230,"column":41},"end":{"line":231,"column":48}},"locations":[{"start":{"line":230,"column":41},"end":{"line":231,"column":48}}]},"62":{"type":"branch","line":231,"loc":{"start":{"line":231,"column":19},"end":{"line":231,"column":47}},"locations":[{"start":{"line":231,"column":19},"end":{"line":231,"column":47}}]},"63":{"type":"branch","line":236,"loc":{"start":{"line":236,"column":13},"end":{"line":238,"column":6}},"locations":[{"start":{"line":236,"column":13},"end":{"line":238,"column":6}}]},"64":{"type":"branch","line":239,"loc":{"start":{"line":239,"column":15},"end":{"line":241,"column":6}},"locations":[{"start":{"line":239,"column":15},"end":{"line":241,"column":6}}]},"65":{"type":"branch","line":248,"loc":{"start":{"line":248,"column":16},"end":{"line":249,"column":44}},"locations":[{"start":{"line":248,"column":16},"end":{"line":249,"column":44}}]},"66":{"type":"branch","line":250,"loc":{"start":{"line":250,"column":16},"end":{"line":251,"column":58}},"locations":[{"start":{"line":250,"column":16},"end":{"line":251,"column":58}}]},"67":{"type":"branch","line":252,"loc":{"start":{"line":252,"column":16},"end":{"line":252,"column":75}},"locations":[{"start":{"line":252,"column":16},"end":{"line":252,"column":75}}]},"68":{"type":"branch","line":253,"loc":{"start":{"line":253,"column":13},"end":{"line":253,"column":63}},"locations":[{"start":{"line":253,"column":13},"end":{"line":253,"column":63}}]},"69":{"type":"branch","line":257,"loc":{"start":{"line":257,"column":7},"end":{"line":279,"column":1}},"locations":[{"start":{"line":257,"column":7},"end":{"line":279,"column":1}}]},"70":{"type":"branch","line":261,"loc":{"start":{"line":261,"column":31},"end":{"line":261,"column":43}},"locations":[{"start":{"line":261,"column":31},"end":{"line":261,"column":43}}]},"71":{"type":"branch","line":268,"loc":{"start":{"line":268,"column":16},"end":{"line":268,"column":30}},"locations":[{"start":{"line":268,"column":16},"end":{"line":268,"column":30}}]},"72":{"type":"branch","line":268,"loc":{"start":{"line":268,"column":24},"end":{"line":268,"column":38}},"locations":[{"start":{"line":268,"column":24},"end":{"line":268,"column":38}}]},"73":{"type":"branch","line":262,"loc":{"start":{"line":262,"column":13},"end":{"line":267,"column":6}},"locations":[{"start":{"line":262,"column":13},"end":{"line":267,"column":6}}]},"74":{"type":"branch","line":263,"loc":{"start":{"line":263,"column":34},"end":{"line":263,"column":45}},"locations":[{"start":{"line":263,"column":34},"end":{"line":263,"column":45}}]},"75":{"type":"branch","line":265,"loc":{"start":{"line":265,"column":22},"end":{"line":265,"column":38}},"locations":[{"start":{"line":265,"column":22},"end":{"line":265,"column":38}}]},"76":{"type":"branch","line":265,"loc":{"start":{"line":265,"column":28},"end":{"line":266,"column":17}},"locations":[{"start":{"line":265,"column":28},"end":{"line":266,"column":17}}]},"77":{"type":"branch","line":281,"loc":{"start":{"line":281,"column":7},"end":{"line":303,"column":1}},"locations":[{"start":{"line":281,"column":7},"end":{"line":303,"column":1}}]},"78":{"type":"branch","line":285,"loc":{"start":{"line":285,"column":31},"end":{"line":285,"column":41}},"locations":[{"start":{"line":285,"column":31},"end":{"line":285,"column":41}}]},"79":{"type":"branch","line":292,"loc":{"start":{"line":292,"column":15},"end":{"line":292,"column":26}},"locations":[{"start":{"line":292,"column":15},"end":{"line":292,"column":26}}]},"80":{"type":"branch","line":286,"loc":{"start":{"line":286,"column":13},"end":{"line":291,"column":6}},"locations":[{"start":{"line":286,"column":13},"end":{"line":291,"column":6}}]},"81":{"type":"branch","line":287,"loc":{"start":{"line":287,"column":23},"end":{"line":287,"column":32}},"locations":[{"start":{"line":287,"column":23},"end":{"line":287,"column":32}}]},"82":{"type":"branch","line":289,"loc":{"start":{"line":289,"column":22},"end":{"line":289,"column":38}},"locations":[{"start":{"line":289,"column":22},"end":{"line":289,"column":38}}]},"83":{"type":"branch","line":289,"loc":{"start":{"line":289,"column":28},"end":{"line":290,"column":21}},"locations":[{"start":{"line":289,"column":28},"end":{"line":290,"column":21}}]},"84":{"type":"branch","line":290,"loc":{"start":{"line":290,"column":13},"end":{"line":290,"column":23}},"locations":[{"start":{"line":290,"column":13},"end":{"line":290,"column":23}}]}},"b":{"0":[37],"1":[36],"2":[36],"3":[23],"4":[0],"5":[1],"6":[22],"7":[0],"8":[4],"9":[0],"10":[1],"11":[3],"12":[4],"13":[4],"14":[1],"15":[4],"16":[3],"17":[0],"18":[2],"19":[1],"20":[3],"21":[3],"22":[6],"23":[3],"24":[3],"25":[2],"26":[3],"27":[4],"28":[3],"29":[1],"30":[77],"31":[76],"32":[76],"33":[49],"34":[0],"35":[1],"36":[48],"37":[0],"38":[4],"39":[0],"40":[1],"41":[3],"42":[4],"43":[4],"44":[1],"45":[4],"46":[5],"47":[0],"48":[2],"49":[3],"50":[5],"51":[5],"52":[10],"53":[5],"54":[5],"55":[2],"56":[5],"57":[3],"58":[0],"59":[2],"60":[3],"61":[3],"62":[6],"63":[2],"64":[3],"65":[4],"66":[5],"67":[3],"68":[1],"69":[8],"70":[7],"71":[7],"72":[7],"73":[3],"74":[0],"75":[1],"76":[2],"77":[10],"78":[9],"79":[9],"80":[4],"81":[0],"82":[1],"83":[3],"84":[0]},"fnMap":{"0":{"name":"useMenuCategories","decl":{"start":{"line":21,"column":7},"end":{"line":118,"column":1}},"loc":{"start":{"line":21,"column":7},"end":{"line":118,"column":1}},"line":21},"1":{"name":"queryFn","decl":{"start":{"line":33,"column":13},"end":{"line":38,"column":6}},"loc":{"start":{"line":33,"column":13},"end":{"line":38,"column":6}},"line":33},"2":{"name":"mutationFn","decl":{"start":{"line":43,"column":16},"end":{"line":52,"column":6}},"loc":{"start":{"line":43,"column":16},"end":{"line":52,"column":6}},"line":43},"3":{"name":"onMutate","decl":{"start":{"line":53,"column":14},"end":{"line":63,"column":6}},"loc":{"start":{"line":53,"column":14},"end":{"line":63,"column":6}},"line":53},"4":{"name":"onError","decl":{"start":{"line":64,"column":13},"end":{"line":66,"column":6}},"loc":{"start":{"line":64,"column":13},"end":{"line":66,"column":6}},"line":64},"5":{"name":"onSettled","decl":{"start":{"line":67,"column":15},"end":{"line":69,"column":6}},"loc":{"start":{"line":67,"column":15},"end":{"line":69,"column":6}},"line":67},"6":{"name":"mutationFn","decl":{"start":{"line":73,"column":16},"end":{"line":89,"column":6}},"loc":{"start":{"line":73,"column":16},"end":{"line":89,"column":6}},"line":73},"7":{"name":"onMutate","decl":{"start":{"line":90,"column":14},"end":{"line":99,"column":6}},"loc":{"start":{"line":90,"column":14},"end":{"line":99,"column":6}},"line":90},"8":{"name":"onError","decl":{"start":{"line":100,"column":13},"end":{"line":102,"column":6}},"loc":{"start":{"line":100,"column":13},"end":{"line":102,"column":6}},"line":100},"9":{"name":"onSettled","decl":{"start":{"line":103,"column":15},"end":{"line":105,"column":6}},"loc":{"start":{"line":103,"column":15},"end":{"line":105,"column":6}},"line":103},"10":{"name":"createCategory","decl":{"start":{"line":112,"column":20},"end":{"line":113,"column":48}},"loc":{"start":{"line":112,"column":20},"end":{"line":113,"column":48}},"line":112},"11":{"name":"updateCategory","decl":{"start":{"line":114,"column":20},"end":{"line":115,"column":66}},"loc":{"start":{"line":114,"column":20},"end":{"line":115,"column":66}},"line":114},"12":{"name":"refresh","decl":{"start":{"line":116,"column":13},"end":{"line":116,"column":63}},"loc":{"start":{"line":116,"column":13},"end":{"line":116,"column":63}},"line":116},"13":{"name":"useMenuItems","decl":{"start":{"line":120,"column":7},"end":{"line":255,"column":1}},"loc":{"start":{"line":120,"column":7},"end":{"line":255,"column":1}},"line":120},"14":{"name":"queryFn","decl":{"start":{"line":136,"column":13},"end":{"line":141,"column":6}},"loc":{"start":{"line":136,"column":13},"end":{"line":141,"column":6}},"line":136},"15":{"name":"mutationFn","decl":{"start":{"line":146,"column":16},"end":{"line":160,"column":6}},"loc":{"start":{"line":146,"column":16},"end":{"line":160,"column":6}},"line":146},"16":{"name":"onMutate","decl":{"start":{"line":161,"column":14},"end":{"line":171,"column":6}},"loc":{"start":{"line":161,"column":14},"end":{"line":171,"column":6}},"line":161},"17":{"name":"onError","decl":{"start":{"line":172,"column":13},"end":{"line":174,"column":6}},"loc":{"start":{"line":172,"column":13},"end":{"line":174,"column":6}},"line":172},"18":{"name":"onSettled","decl":{"start":{"line":175,"column":15},"end":{"line":177,"column":6}},"loc":{"start":{"line":175,"column":15},"end":{"line":177,"column":6}},"line":175},"19":{"name":"mutationFn","decl":{"start":{"line":181,"column":16},"end":{"line":201,"column":6}},"loc":{"start":{"line":181,"column":16},"end":{"line":201,"column":6}},"line":181},"20":{"name":"onMutate","decl":{"start":{"line":202,"column":14},"end":{"line":211,"column":6}},"loc":{"start":{"line":202,"column":14},"end":{"line":211,"column":6}},"line":202},"21":{"name":"onError","decl":{"start":{"line":212,"column":13},"end":{"line":214,"column":6}},"loc":{"start":{"line":212,"column":13},"end":{"line":214,"column":6}},"line":212},"22":{"name":"onSettled","decl":{"start":{"line":215,"column":15},"end":{"line":217,"column":6}},"loc":{"start":{"line":215,"column":15},"end":{"line":217,"column":6}},"line":215},"23":{"name":"mutationFn","decl":{"start":{"line":221,"column":16},"end":{"line":225,"column":6}},"loc":{"start":{"line":221,"column":16},"end":{"line":225,"column":6}},"line":221},"24":{"name":"onMutate","decl":{"start":{"line":226,"column":14},"end":{"line":235,"column":6}},"loc":{"start":{"line":226,"column":14},"end":{"line":235,"column":6}},"line":226},"25":{"name":"onError","decl":{"start":{"line":236,"column":13},"end":{"line":238,"column":6}},"loc":{"start":{"line":236,"column":13},"end":{"line":238,"column":6}},"line":236},"26":{"name":"onSettled","decl":{"start":{"line":239,"column":15},"end":{"line":241,"column":6}},"loc":{"start":{"line":239,"column":15},"end":{"line":241,"column":6}},"line":239},"27":{"name":"createItem","decl":{"start":{"line":248,"column":16},"end":{"line":249,"column":44}},"loc":{"start":{"line":248,"column":16},"end":{"line":249,"column":44}},"line":248},"28":{"name":"updateItem","decl":{"start":{"line":250,"column":16},"end":{"line":251,"column":58}},"loc":{"start":{"line":250,"column":16},"end":{"line":251,"column":58}},"line":250},"29":{"name":"deleteItem","decl":{"start":{"line":252,"column":16},"end":{"line":252,"column":75}},"loc":{"start":{"line":252,"column":16},"end":{"line":252,"column":75}},"line":252},"30":{"name":"refresh","decl":{"start":{"line":253,"column":13},"end":{"line":253,"column":63}},"loc":{"start":{"line":253,"column":13},"end":{"line":253,"column":63}},"line":253},"31":{"name":"useMenuItem","decl":{"start":{"line":257,"column":7},"end":{"line":279,"column":1}},"loc":{"start":{"line":257,"column":7},"end":{"line":279,"column":1}},"line":257},"32":{"name":"queryFn","decl":{"start":{"line":262,"column":13},"end":{"line":267,"column":6}},"loc":{"start":{"line":262,"column":13},"end":{"line":267,"column":6}},"line":262},"33":{"name":"refresh","decl":{"start":{"line":275,"column":13},"end":{"line":277,"column":6}},"loc":{"start":{"line":275,"column":13},"end":{"line":277,"column":6}},"line":275},"34":{"name":"useFullMenu","decl":{"start":{"line":281,"column":7},"end":{"line":303,"column":1}},"loc":{"start":{"line":281,"column":7},"end":{"line":303,"column":1}},"line":281},"35":{"name":"queryFn","decl":{"start":{"line":286,"column":13},"end":{"line":291,"column":6}},"loc":{"start":{"line":286,"column":13},"end":{"line":291,"column":6}},"line":286},"36":{"name":"refresh","decl":{"start":{"line":299,"column":13},"end":{"line":301,"column":6}},"loc":{"start":{"line":299,"column":13},"end":{"line":301,"column":6}},"line":299}},"f":{"0":37,"1":23,"2":4,"3":4,"4":1,"5":4,"6":3,"7":3,"8":2,"9":3,"10":4,"11":3,"12":1,"13":77,"14":49,"15":4,"16":4,"17":1,"18":4,"19":5,"20":5,"21":2,"22":5,"23":3,"24":3,"25":2,"26":3,"27":4,"28":5,"29":3,"30":1,"31":8,"32":3,"33":0,"34":10,"35":4,"36":0}}
,"C:\\Users\\alvar\\Downloads\\restaurantmanagement\\hooks\\use-mobile.ts": {"path":"C:\\Users\\alvar\\Downloads\\restaurantmanagement\\hooks\\use-mobile.ts","all":true,"statementMap":{"0":{"start":{"line":1,"column":0},"end":{"line":1,"column":30}},"2":{"start":{"line":3,"column":0},"end":{"line":3,"column":29}},"4":{"start":{"line":5,"column":0},"end":{"line":5,"column":31}},"5":{"start":{"line":6,"column":0},"end":{"line":6,"column":80}},"7":{"start":{"line":8,"column":0},"end":{"line":8,"column":25}},"8":{"start":{"line":9,"column":0},"end":{"line":9,"column":76}},"9":{"start":{"line":10,"column":0},"end":{"line":10,"column":28}},"10":{"start":{"line":11,"column":0},"end":{"line":11,"column":56}},"11":{"start":{"line":12,"column":0},"end":{"line":12,"column":5}},"12":{"start":{"line":13,"column":0},"end":{"line":13,"column":44}},"13":{"start":{"line":14,"column":0},"end":{"line":14,"column":54}},"14":{"start":{"line":15,"column":0},"end":{"line":15,"column":60}},"15":{"start":{"line":16,"column":0},"end":{"line":16,"column":8}},"17":{"start":{"line":18,"column":0},"end":{"line":18,"column":19}},"18":{"start":{"line":19,"column":0},"end":{"line":19,"column":1}}},"s":{"0":0,"2":0,"4":0,"5":0,"7":0,"8":0,"9":0,"10":0,"11":0,"12":0,"13":0,"14":0,"15":0,"17":0,"18":0},"branchMap":{"0":{"type":"branch","line":1,"loc":{"start":{"line":1,"column":564},"end":{"line":19,"column":1}},"locations":[{"start":{"line":1,"column":564},"end":{"line":19,"column":1}}]}},"b":{"0":[0]},"fnMap":{"0":{"name":"(empty-report)","decl":{"start":{"line":1,"column":564},"end":{"line":19,"column":1}},"loc":{"start":{"line":1,"column":564},"end":{"line":19,"column":1}},"line":1}},"f":{"0":0}}
,"C:\\Users\\alvar\\Downloads\\restaurantmanagement\\hooks\\use-orders.ts": {"path":"C:\\Users\\alvar\\Downloads\\restaurantmanagement\\hooks\\use-orders.ts","all":false,"statementMap":{"6":{"start":{"line":7,"column":0},"end":{"line":7,"column":77}},"7":{"start":{"line":8,"column":0},"end":{"line":8,"column":49}},"8":{"start":{"line":9,"column":0},"end":{"line":9,"column":9}},"19":{"start":{"line":20,"column":0},"end":{"line":20,"column":37}},"25":{"start":{"line":26,"column":0},"end":{"line":26,"column":4}},"26":{"start":{"line":27,"column":0},"end":{"line":27,"column":30}},"27":{"start":{"line":28,"column":0},"end":{"line":28,"column":38}},"29":{"start":{"line":30,"column":0},"end":{"line":30,"column":50}},"31":{"start":{"line":32,"column":0},"end":{"line":32,"column":9}},"32":{"start":{"line":33,"column":0},"end":{"line":33,"column":22}},"33":{"start":{"line":34,"column":0},"end":{"line":34,"column":23}},"34":{"start":{"line":35,"column":0},"end":{"line":35,"column":10}},"35":{"start":{"line":36,"column":0},"end":{"line":36,"column":16}},"36":{"start":{"line":37,"column":0},"end":{"line":37,"column":13}},"37":{"start":{"line":38,"column":0},"end":{"line":38,"column":26}},"38":{"start":{"line":39,"column":0},"end":{"line":39,"column":32}},"39":{"start":{"line":40,"column":0},"end":{"line":40,"column":84}},"40":{"start":{"line":41,"column":0},"end":{"line":41,"column":38}},"41":{"start":{"line":42,"column":0},"end":{"line":42,"column":23}},"42":{"start":{"line":43,"column":0},"end":{"line":43,"column":6}},"43":{"start":{"line":44,"column":0},"end":{"line":44,"column":26}},"44":{"start":{"line":45,"column":0},"end":{"line":45,"column":4}},"46":{"start":{"line":47,"column":0},"end":{"line":47,"column":43}},"47":{"start":{"line":48,"column":0},"end":{"line":48,"column":52}},"48":{"start":{"line":49,"column":0},"end":{"line":49,"column":64}},"49":{"start":{"line":50,"column":0},"end":{"line":50,"column":85}},"50":{"start":{"line":51,"column":0},"end":{"line":51,"column":40}},"51":{"start":{"line":52,"column":0},"end":{"line":52,"column":17}},"52":{"start":{"line":53,"column":0},"end":{"line":53,"column":6}},"53":{"start":{"line":54,"column":0},"end":{"line":54,"column":35}},"54":{"start":{"line":55,"column":0},"end":{"line":55,"column":51}},"55":{"start":{"line":56,"column":0},"end":{"line":56,"column":63}},"57":{"start":{"line":58,"column":0},"end":{"line":58,"column":63}},"58":{"start":{"line":59,"column":0},"end":{"line":59,"column":87}},"59":{"start":{"line":60,"column":0},"end":{"line":60,"column":15}},"60":{"start":{"line":61,"column":0},"end":{"line":61,"column":8}},"62":{"start":{"line":63,"column":0},"end":{"line":63,"column":31}},"63":{"start":{"line":64,"column":0},"end":{"line":64,"column":6}},"64":{"start":{"line":65,"column":0},"end":{"line":65,"column":42}},"65":{"start":{"line":66,"column":0},"end":{"line":66,"column":65}},"66":{"start":{"line":67,"column":0},"end":{"line":67,"column":6}},"67":{"start":{"line":68,"column":0},"end":{"line":68,"column":22}},"68":{"start":{"line":69,"column":0},"end":{"line":69,"column":49}},"69":{"start":{"line":70,"column":0},"end":{"line":70,"column":6}},"70":{"start":{"line":71,"column":0},"end":{"line":71,"column":4}},"72":{"start":{"line":73,"column":0},"end":{"line":73,"column":44}},"73":{"start":{"line":74,"column":0},"end":{"line":74,"column":85}},"74":{"start":{"line":75,"column":0},"end":{"line":75,"column":64}},"75":{"start":{"line":76,"column":0},"end":{"line":76,"column":101}},"76":{"start":{"line":77,"column":0},"end":{"line":77,"column":40}},"77":{"start":{"line":78,"column":0},"end":{"line":78,"column":17}},"78":{"start":{"line":79,"column":0},"end":{"line":79,"column":6}},"79":{"start":{"line":80,"column":0},"end":{"line":80,"column":46}},"80":{"start":{"line":81,"column":0},"end":{"line":81,"column":51}},"81":{"start":{"line":82,"column":0},"end":{"line":82,"column":63}},"83":{"start":{"line":84,"column":0},"end":{"line":84,"column":61}},"84":{"start":{"line":85,"column":0},"end":{"line":85,"column":81}},"85":{"start":{"line":86,"column":0},"end":{"line":86,"column":7}},"87":{"start":{"line":88,"column":0},"end":{"line":88,"column":31}},"88":{"start":{"line":89,"column":0},"end":{"line":89,"column":6}},"89":{"start":{"line":90,"column":0},"end":{"line":90,"column":43}},"90":{"start":{"line":91,"column":0},"end":{"line":91,"column":65}},"91":{"start":{"line":92,"column":0},"end":{"line":92,"column":6}},"92":{"start":{"line":93,"column":0},"end":{"line":93,"column":22}},"93":{"start":{"line":94,"column":0},"end":{"line":94,"column":49}},"94":{"start":{"line":95,"column":0},"end":{"line":95,"column":6}},"95":{"start":{"line":96,"column":0},"end":{"line":96,"column":4}},"97":{"start":{"line":98,"column":0},"end":{"line":98,"column":51}},"98":{"start":{"line":99,"column":0},"end":{"line":99,"column":99}},"99":{"start":{"line":100,"column":0},"end":{"line":100,"column":64}},"100":{"start":{"line":101,"column":0},"end":{"line":101,"column":115}},"101":{"start":{"line":102,"column":0},"end":{"line":102,"column":40}},"102":{"start":{"line":103,"column":0},"end":{"line":103,"column":17}},"103":{"start":{"line":104,"column":0},"end":{"line":104,"column":6}},"104":{"start":{"line":105,"column":0},"end":{"line":105,"column":53}},"105":{"start":{"line":106,"column":0},"end":{"line":106,"column":51}},"106":{"start":{"line":107,"column":0},"end":{"line":107,"column":63}},"108":{"start":{"line":109,"column":0},"end":{"line":109,"column":61}},"109":{"start":{"line":110,"column":0},"end":{"line":110,"column":88}},"110":{"start":{"line":111,"column":0},"end":{"line":111,"column":7}},"112":{"start":{"line":113,"column":0},"end":{"line":113,"column":31}},"113":{"start":{"line":114,"column":0},"end":{"line":114,"column":6}},"114":{"start":{"line":115,"column":0},"end":{"line":115,"column":43}},"115":{"start":{"line":116,"column":0},"end":{"line":116,"column":65}},"116":{"start":{"line":117,"column":0},"end":{"line":117,"column":6}},"117":{"start":{"line":118,"column":0},"end":{"line":118,"column":22}},"118":{"start":{"line":119,"column":0},"end":{"line":119,"column":49}},"119":{"start":{"line":120,"column":0},"end":{"line":120,"column":6}},"120":{"start":{"line":121,"column":0},"end":{"line":121,"column":4}},"122":{"start":{"line":123,"column":0},"end":{"line":123,"column":43}},"123":{"start":{"line":124,"column":0},"end":{"line":124,"column":44}},"124":{"start":{"line":125,"column":0},"end":{"line":125,"column":64}},"125":{"start":{"line":126,"column":0},"end":{"line":126,"column":87}},"126":{"start":{"line":127,"column":0},"end":{"line":127,"column":40}},"127":{"start":{"line":128,"column":0},"end":{"line":128,"column":17}},"128":{"start":{"line":129,"column":0},"end":{"line":129,"column":6}},"129":{"start":{"line":130,"column":0},"end":{"line":130,"column":34}},"130":{"start":{"line":131,"column":0},"end":{"line":131,"column":51}},"131":{"start":{"line":132,"column":0},"end":{"line":132,"column":63}},"133":{"start":{"line":134,"column":0},"end":{"line":134,"column":61}},"134":{"start":{"line":135,"column":0},"end":{"line":135,"column":94}},"135":{"start":{"line":136,"column":0},"end":{"line":136,"column":7}},"137":{"start":{"line":138,"column":0},"end":{"line":138,"column":31}},"138":{"start":{"line":139,"column":0},"end":{"line":139,"column":6}},"139":{"start":{"line":140,"column":0},"end":{"line":140,"column":41}},"140":{"start":{"line":141,"column":0},"end":{"line":141,"column":65}},"141":{"start":{"line":142,"column":0},"end":{"line":142,"column":6}},"142":{"start":{"line":143,"column":0},"end":{"line":143,"column":22}},"143":{"start":{"line":144,"column":0},"end":{"line":144,"column":49}},"144":{"start":{"line":145,"column":0},"end":{"line":145,"column":6}},"145":{"start":{"line":146,"column":0},"end":{"line":146,"column":4}},"147":{"start":{"line":148,"column":0},"end":{"line":148,"column":10}},"148":{"start":{"line":149,"column":0},"end":{"line":149,"column":11}},"149":{"start":{"line":150,"column":0},"end":{"line":150,"column":12}},"150":{"start":{"line":151,"column":0},"end":{"line":151,"column":33}},"151":{"start":{"line":152,"column":0},"end":{"line":152,"column":85}},"152":{"start":{"line":153,"column":0},"end":{"line":153,"column":54}},"153":{"start":{"line":154,"column":0},"end":{"line":154,"column":60}},"154":{"start":{"line":155,"column":0},"end":{"line":155,"column":68}},"155":{"start":{"line":156,"column":0},"end":{"line":156,"column":74}},"156":{"start":{"line":157,"column":0},"end":{"line":157,"column":79}},"157":{"start":{"line":158,"column":0},"end":{"line":158,"column":63}},"158":{"start":{"line":159,"column":0},"end":{"line":159,"column":3}},"159":{"start":{"line":160,"column":0},"end":{"line":160,"column":1}},"161":{"start":{"line":162,"column":0},"end":{"line":162,"column":44}},"162":{"start":{"line":163,"column":0},"end":{"line":163,"column":30}},"164":{"start":{"line":165,"column":0},"end":{"line":165,"column":70}},"165":{"start":{"line":166,"column":0},"end":{"line":166,"column":45}},"166":{"start":{"line":167,"column":0},"end":{"line":167,"column":26}},"167":{"start":{"line":168,"column":0},"end":{"line":168,"column":46}},"168":{"start":{"line":169,"column":0},"end":{"line":169,"column":87}},"169":{"start":{"line":170,"column":0},"end":{"line":170,"column":38}},"170":{"start":{"line":171,"column":0},"end":{"line":171,"column":17}},"171":{"start":{"line":172,"column":0},"end":{"line":172,"column":6}},"172":{"start":{"line":173,"column":0},"end":{"line":173,"column":39}},"173":{"start":{"line":174,"column":0},"end":{"line":174,"column":4}},"175":{"start":{"line":176,"column":0},"end":{"line":176,"column":10}},"176":{"start":{"line":177,"column":0},"end":{"line":177,"column":10}},"177":{"start":{"line":178,"column":0},"end":{"line":178,"column":12}},"178":{"start":{"line":179,"column":0},"end":{"line":179,"column":33}},"179":{"start":{"line":180,"column":0},"end":{"line":180,"column":20}},"181":{"start":{"line":182,"column":0},"end":{"line":182,"column":6}},"182":{"start":{"line":183,"column":0},"end":{"line":183,"column":3}},"183":{"start":{"line":184,"column":0},"end":{"line":184,"column":1}},"185":{"start":{"line":186,"column":0},"end":{"line":186,"column":44}},"188":{"start":{"line":189,"column":0},"end":{"line":189,"column":4}},"189":{"start":{"line":190,"column":0},"end":{"line":190,"column":30}},"191":{"start":{"line":192,"column":0},"end":{"line":192,"column":72}},"192":{"start":{"line":193,"column":0},"end":{"line":193,"column":57}},"193":{"start":{"line":194,"column":0},"end":{"line":194,"column":26}},"194":{"start":{"line":195,"column":0},"end":{"line":195,"column":34}},"195":{"start":{"line":196,"column":0},"end":{"line":196,"column":91}},"196":{"start":{"line":197,"column":0},"end":{"line":197,"column":38}},"197":{"start":{"line":198,"column":0},"end":{"line":198,"column":17}},"198":{"start":{"line":199,"column":0},"end":{"line":199,"column":6}},"199":{"start":{"line":200,"column":0},"end":{"line":200,"column":26}},"200":{"start":{"line":201,"column":0},"end":{"line":201,"column":4}},"202":{"start":{"line":203,"column":0},"end":{"line":203,"column":10}},"203":{"start":{"line":204,"column":0},"end":{"line":204,"column":12}},"204":{"start":{"line":205,"column":0},"end":{"line":205,"column":12}},"205":{"start":{"line":206,"column":0},"end":{"line":206,"column":33}},"206":{"start":{"line":207,"column":0},"end":{"line":207,"column":20}},"208":{"start":{"line":209,"column":0},"end":{"line":209,"column":6}},"209":{"start":{"line":210,"column":0},"end":{"line":210,"column":3}},"210":{"start":{"line":211,"column":0},"end":{"line":211,"column":1}}},"s":{"6":1,"7":1,"8":1,"19":1,"25":177,"26":177,"27":177,"29":177,"31":177,"32":177,"33":177,"34":177,"35":177,"36":177,"37":177,"38":100,"39":100,"40":100,"41":100,"42":100,"43":177,"44":177,"46":177,"47":177,"48":10,"49":10,"50":10,"51":9,"52":10,"53":177,"54":10,"55":10,"57":10,"58":10,"59":10,"60":10,"62":10,"63":10,"64":177,"65":1,"66":1,"67":177,"68":10,"69":10,"70":177,"72":177,"73":177,"74":10,"75":10,"76":10,"77":9,"78":10,"79":177,"80":10,"81":10,"83":10,"84":10,"85":10,"87":10,"88":10,"89":177,"90":1,"91":1,"92":177,"93":10,"94":10,"95":177,"97":177,"98":177,"99":6,"100":6,"101":6,"102":5,"103":6,"104":177,"105":6,"106":6,"108":6,"109":6,"110":6,"112":6,"113":6,"114":177,"115":1,"116":1,"117":177,"118":6,"119":6,"120":177,"122":177,"123":177,"124":2,"125":2,"126":2,"127":1,"128":2,"129":177,"130":2,"131":2,"133":2,"134":2,"135":2,"137":2,"138":2,"139":177,"140":1,"141":1,"142":177,"143":2,"144":2,"145":177,"147":177,"148":177,"149":177,"150":177,"151":177,"152":177,"153":10,"154":177,"155":6,"156":177,"157":177,"158":177,"159":177,"161":1,"162":0,"164":0,"165":0,"166":0,"167":0,"168":0,"169":0,"170":0,"171":0,"172":0,"173":0,"175":0,"176":0,"177":0,"178":0,"179":0,"181":0,"182":0,"183":0,"185":1,"188":0,"189":0,"191":0,"192":0,"193":0,"194":0,"195":0,"196":0,"197":0,"198":0,"199":0,"200":0,"202":0,"203":0,"204":0,"205":0,"206":0,"208":0,"209":0,"210":0},"branchMap":{"0":{"type":"branch","line":20,"loc":{"start":{"line":20,"column":7},"end":{"line":160,"column":1}},"locations":[{"start":{"line":20,"column":7},"end":{"line":160,"column":1}}]},"1":{"type":"branch","line":30,"loc":{"start":{"line":30,"column":30},"end":{"line":30,"column":42}},"locations":[{"start":{"line":30,"column":30},"end":{"line":30,"column":42}}]},"2":{"type":"branch","line":44,"loc":{"start":{"line":44,"column":15},"end":{"line":44,"column":26}},"locations":[{"start":{"line":44,"column":15},"end":{"line":44,"column":26}}]},"3":{"type":"branch","line":38,"loc":{"start":{"line":38,"column":13},"end":{"line":43,"column":6}},"locations":[{"start":{"line":38,"column":13},"end":{"line":43,"column":6}}]},"4":{"type":"branch","line":39,"loc":{"start":{"line":39,"column":23},"end":{"line":39,"column
[...]
:{"line":227,"column":0},"end":{"line":227,"column":26}},"228":{"start":{"line":229,"column":0},"end":{"line":229,"column":46}},"230":{"start":{"line":231,"column":0},"end":{"line":231,"column":26}},"231":{"start":{"line":232,"column":0},"end":{"line":232,"column":19}},"232":{"start":{"line":233,"column":0},"end":{"line":233,"column":71}},"233":{"start":{"line":234,"column":0},"end":{"line":234,"column":36}},"234":{"start":{"line":235,"column":0},"end":{"line":235,"column":3}},"235":{"start":{"line":236,"column":0},"end":{"line":236,"column":1}},"240":{"start":{"line":241,"column":0},"end":{"line":241,"column":73}},"241":{"start":{"line":242,"column":0},"end":{"line":242,"column":40}},"243":{"start":{"line":244,"column":0},"end":{"line":244,"column":7}},"244":{"start":{"line":245,"column":0},"end":{"line":245,"column":42}},"245":{"start":{"line":246,"column":0},"end":{"line":246,"column":21}},"246":{"start":{"line":247,"column":0},"end":{"line":247,"column":18}},"247":{"start":{"line":248,"column":0},"end":{"line":248,"column":32}},"248":{"start":{"line":249,"column":0},"end":{"line":249,"column":28}},"249":{"start":{"line":250,"column":0},"end":{"line":250,"column":43}},"251":{"start":{"line":252,"column":0},"end":{"line":252,"column":26}},"253":{"start":{"line":254,"column":0},"end":{"line":254,"column":32}},"254":{"start":{"line":255,"column":0},"end":{"line":255,"column":19}},"255":{"start":{"line":256,"column":0},"end":{"line":256,"column":79}},"256":{"start":{"line":257,"column":0},"end":{"line":257,"column":48}},"257":{"start":{"line":258,"column":0},"end":{"line":258,"column":3}},"258":{"start":{"line":259,"column":0},"end":{"line":259,"column":1}},"263":{"start":{"line":264,"column":0},"end":{"line":264,"column":56}},"264":{"start":{"line":265,"column":0},"end":{"line":265,"column":40}},"266":{"start":{"line":267,"column":0},"end":{"line":267,"column":7}},"267":{"start":{"line":268,"column":0},"end":{"line":268,"column":42}},"268":{"start":{"line":269,"column":0},"end":{"line":269,"column":21}},"269":{"start":{"line":270,"column":0},"end":{"line":270,"column":23}},"270":{"start":{"line":271,"column":0},"end":{"line":271,"column":32}},"272":{"start":{"line":273,"column":0},"end":{"line":273,"column":26}},"274":{"start":{"line":275,"column":0},"end":{"line":275,"column":19}},"275":{"start":{"line":276,"column":0},"end":{"line":276,"column":31}},"276":{"start":{"line":277,"column":0},"end":{"line":277,"column":45}},"277":{"start":{"line":278,"column":0},"end":{"line":278,"column":5}},"279":{"start":{"line":280,"column":0},"end":{"line":280,"column":28}},"280":{"start":{"line":281,"column":0},"end":{"line":281,"column":76}},"281":{"start":{"line":282,"column":0},"end":{"line":282,"column":6}},"283":{"start":{"line":284,"column":0},"end":{"line":284,"column":39}},"284":{"start":{"line":285,"column":0},"end":{"line":285,"column":19}},"285":{"start":{"line":286,"column":0},"end":{"line":286,"column":74}},"286":{"start":{"line":287,"column":0},"end":{"line":287,"column":48}},"287":{"start":{"line":288,"column":0},"end":{"line":288,"column":3}},"288":{"start":{"line":289,"column":0},"end":{"line":289,"column":1}}},"s":{"7":1,"9":1,"11":1,"20":0,"23":0,"24":0,"26":0,"27":0,"28":0,"29":0,"36":0,"37":0,"38":0,"40":0,"41":0,"42":0,"44":0,"45":0,"46":0,"48":0,"50":0,"52":0,"53":0,"54":0,"55":0,"56":0,"57":0,"62":0,"63":0,"65":0,"66":0,"67":0,"68":0,"75":0,"76":0,"77":0,"78":0,"80":0,"82":0,"83":0,"84":0,"85":0,"86":0,"87":0,"92":0,"93":0,"101":0,"102":0,"103":0,"105":0,"106":0,"107":0,"108":0,"109":0,"110":0,"111":0,"112":0,"113":0,"114":0,"115":0,"116":0,"117":0,"118":0,"120":0,"122":0,"124":0,"125":0,"126":0,"127":0,"128":0,"129":0,"134":0,"135":0,"136":0,"147":0,"148":0,"149":0,"151":0,"152":0,"154":0,"155":0,"156":0,"157":0,"158":0,"159":0,"160":0,"161":0,"162":0,"164":0,"165":0,"166":0,"167":0,"168":0,"169":0,"170":0,"172":0,"174":0,"176":0,"177":0,"178":0,"179":0,"180":0,"181":0,"186":0,"187":0,"188":0,"189":0,"190":0,"191":0,"193":0,"194":0,"195":0,"196":0,"197":0,"198":0,"199":0,"200":0,"202":0,"204":0,"206":0,"207":0,"208":0,"209":0,"210":0,"211":0,"216":0,"217":0,"219":0,"220":0,"221":0,"222":0,"223":0,"224":0,"226":0,"228":0,"230":0,"231":0,"232":0,"233":0,"234":0,"235":0,"240":0,"241":0,"243":0,"244":0,"245":0,"246":0,"247":0,"248":0,"249":0,"251":0,"253":0,"254":0,"255":0,"256":0,"257":0,"258":0,"263":0,"264":0,"266":0,"267":0,"268":0,"269":0,"270":0,"272":0,"274":0,"275":0,"276":0,"277":0,"279":0,"280":0,"281":0,"283":0,"284":0,"285":0,"286":0,"287":0,"288":0},"branchMap":{},"b":{},"fnMap":{"0":{"name":"getTables","decl":{"start":{"line":21,"column":0},"end":{"line":58,"column":1}},"loc":{"start":{"line":21,"column":0},"end":{"line":58,"column":1}},"line":21},"1":{"name":"getTableById","decl":{"start":{"line":63,"column":0},"end":{"line":88,"column":1}},"loc":{"start":{"line":63,"column":0},"end":{"line":88,"column":1}},"line":63},"2":{"name":"createTable","decl":{"start":{"line":93,"column":0},"end":{"line":130,"column":1}},"loc":{"start":{"line":93,"column":0},"end":{"line":130,"column":1}},"line":93},"3":{"name":"updateTable","decl":{"start":{"line":135,"column":0},"end":{"line":182,"column":1}},"loc":{"start":{"line":135,"column":0},"end":{"line":182,"column":1}},"line":135},"4":{"name":"updateTableStatus","decl":{"start":{"line":187,"column":0},"end":{"line":212,"column":1}},"loc":{"start":{"line":187,"column":0},"end":{"line":212,"column":1}},"line":187},"5":{"name":"deleteTable","decl":{"start":{"line":217,"column":0},"end":{"line":236,"column":1}},"loc":{"start":{"line":217,"column":0},"end":{"line":236,"column":1}},"line":217},"6":{"name":"getTablesByZone","decl":{"start":{"line":241,"column":0},"end":{"line":259,"column":1}},"loc":{"start":{"line":241,"column":0},"end":{"line":259,"column":1}},"line":241},"7":{"name":"getTablesStats","decl":{"start":{"line":264,"column":0},"end":{"line":289,"column":1}},"loc":{"start":{"line":264,"column":0},"end":{"line":289,"column":1}},"line":264}},"f":{"0":0,"1":0,"2":0,"3":0,"4":0,"5":0,"6":0,"7":0}}
,"C:\\Users\\alvar\\Downloads\\restaurantmanagement\\lib\\services\\zones-service.ts": {"path":"C:\\Users\\alvar\\Downloads\\restaurantmanagement\\lib\\services\\zones-service.ts","all":false,"statementMap":{"7":{"start":{"line":8,"column":0},"end":{"line":8,"column":59}},"9":{"start":{"line":10,"column":0},"end":{"line":10,"column":43}},"11":{"start":{"line":12,"column":0},"end":{"line":12,"column":44}},"20":{"start":{"line":21,"column":0},"end":{"line":21,"column":75}},"21":{"start":{"line":22,"column":0},"end":{"line":22,"column":40}},"23":{"start":{"line":24,"column":0},"end":{"line":24,"column":7}},"24":{"start":{"line":25,"column":0},"end":{"line":25,"column":24}},"25":{"start":{"line":26,"column":0},"end":{"line":26,"column":20}},"26":{"start":{"line":27,"column":0},"end":{"line":27,"column":18}},"27":{"start":{"line":28,"column":0},"end":{"line":28,"column":32}},"28":{"start":{"line":29,"column":0},"end":{"line":29,"column":47}},"30":{"start":{"line":31,"column":0},"end":{"line":31,"column":27}},"31":{"start":{"line":32,"column":0},"end":{"line":32,"column":38}},"32":{"start":{"line":33,"column":0},"end":{"line":33,"column":5}},"34":{"start":{"line":35,"column":0},"end":{"line":35,"column":39}},"36":{"start":{"line":37,"column":0},"end":{"line":37,"column":26}},"38":{"start":{"line":39,"column":0},"end":{"line":39,"column":32}},"39":{"start":{"line":40,"column":0},"end":{"line":40,"column":19}},"40":{"start":{"line":41,"column":0},"end":{"line":41,"column":58}},"41":{"start":{"line":42,"column":0},"end":{"line":42,"column":48}},"42":{"start":{"line":43,"column":0},"end":{"line":43,"column":3}},"43":{"start":{"line":44,"column":0},"end":{"line":44,"column":1}},"48":{"start":{"line":49,"column":0},"end":{"line":49,"column":69}},"49":{"start":{"line":50,"column":0},"end":{"line":50,"column":40}},"51":{"start":{"line":52,"column":0},"end":{"line":52,"column":7}},"52":{"start":{"line":53,"column":0},"end":{"line":53,"column":42}},"53":{"start":{"line":54,"column":0},"end":{"line":54,"column":20}},"54":{"start":{"line":55,"column":0},"end":{"line":55,"column":15}},"62":{"start":{"line":63,"column":0},"end":{"line":63,"column":8}},"63":{"start":{"line":64,"column":0},"end":{"line":64,"column":23}},"64":{"start":{"line":65,"column":0},"end":{"line":65,"column":32}},"65":{"start":{"line":66,"column":0},"end":{"line":66,"column":15}},"67":{"start":{"line":68,"column":0},"end":{"line":68,"column":26}},"69":{"start":{"line":70,"column":0},"end":{"line":70,"column":32}},"70":{"start":{"line":71,"column":0},"end":{"line":71,"column":19}},"71":{"start":{"line":72,"column":0},"end":{"line":72,"column":69}},"72":{"start":{"line":73,"column":0},"end":{"line":73,"column":48}},"73":{"start":{"line":74,"column":0},"end":{"line":74,"column":3}},"74":{"start":{"line":75,"column":0},"end":{"line":75,"column":1}},"79":{"start":{"line":80,"column":0},"end":{"line":80,"column":33}},"80":{"start":{"line":81,"column":0},"end":{"line":81,"column":10}},"85":{"start":{"line":86,"column":0},"end":{"line":86,"column":18}},"86":{"start":{"line":87,"column":0},"end":{"line":87,"column":3}},"87":{"start":{"line":88,"column":0},"end":{"line":88,"column":40}},"89":{"start":{"line":90,"column":0},"end":{"line":90,"column":7}},"90":{"start":{"line":91,"column":0},"end":{"line":91,"column":42}},"91":{"start":{"line":92,"column":0},"end":{"line":92,"column":20}},"92":{"start":{"line":93,"column":0},"end":{"line":93,"column":15}},"93":{"start":{"line":94,"column":0},"end":{"line":94,"column":28}},"94":{"start":{"line":95,"column":0},"end":{"line":95,"column":25}},"95":{"start":{"line":96,"column":0},"end":{"line":96,"column":47}},"96":{"start":{"line":97,"column":0},"end":{"line":97,"column":41}},"97":{"start":{"line":98,"column":0},"end":{"line":98,"column":21}},"98":{"start":{"line":99,"column":0},"end":{"line":99,"column":22}},"99":{"start":{"line":100,"column":0},"end":{"line":100,"column":15}},"100":{"start":{"line":101,"column":0},"end":{"line":101,"column":15}},"102":{"start":{"line":103,"column":0},"end":{"line":103,"column":26}},"104":{"start":{"line":105,"column":0},"end":{"line":105,"column":70}},"106":{"start":{"line":107,"column":0},"end":{"line":107,"column":32}},"107":{"start":{"line":108,"column":0},"end":{"line":108,"column":19}},"108":{"start":{"line":109,"column":0},"end":{"line":109,"column":55}},"109":{"start":{"line":110,"column":0},"end":{"line":110,"column":48}},"110":{"start":{"line":111,"column":0},"end":{"line":111,"column":3}},"111":{"start":{"line":112,"column":0},"end":{"line":112,"column":1}},"116":{"start":{"line":117,"column":0},"end":{"line":117,"column":33}},"117":{"start":{"line":118,"column":0},"end":{"line":118,"column":17}},"118":{"start":{"line":119,"column":0},"end":{"line":119,"column":12}},"124":{"start":{"line":125,"column":0},"end":{"line":125,"column":18}},"125":{"start":{"line":126,"column":0},"end":{"line":126,"column":3}},"126":{"start":{"line":127,"column":0},"end":{"line":127,"column":40}},"128":{"start":{"line":129,"column":0},"end":{"line":129,"column":7}},"129":{"start":{"line":130,"column":0},"end":{"line":130,"column":37}},"131":{"start":{"line":132,"column":0},"end":{"line":132,"column":66}},"132":{"start":{"line":133,"column":0},"end":{"line":133,"column":87}},"133":{"start":{"line":134,"column":0},"end":{"line":134,"column":82}},"134":{"start":{"line":135,"column":0},"end":{"line":135,"column":72}},"136":{"start":{"line":137,"column":0},"end":{"line":137,"column":42}},"137":{"start":{"line":138,"column":0},"end":{"line":138,"column":20}},"138":{"start":{"line":139,"column":0},"end":{"line":139,"column":25}},"139":{"start":{"line":140,"column":0},"end":{"line":140,"column":23}},"140":{"start":{"line":141,"column":0},"end":{"line":141,"column":32}},"141":{"start":{"line":142,"column":0},"end":{"line":142,"column":15}},"142":{"start":{"line":143,"column":0},"end":{"line":143,"column":15}},"144":{"start":{"line":145,"column":0},"end":{"line":145,"column":26}},"146":{"start":{"line":147,"column":0},"end":{"line":147,"column":47}},"148":{"start":{"line":149,"column":0},"end":{"line":149,"column":32}},"149":{"start":{"line":150,"column":0},"end":{"line":150,"column":19}},"150":{"start":{"line":151,"column":0},"end":{"line":151,"column":72}},"151":{"start":{"line":152,"column":0},"end":{"line":152,"column":48}},"152":{"start":{"line":153,"column":0},"end":{"line":153,"column":3}},"153":{"start":{"line":154,"column":0},"end":{"line":154,"column":1}},"158":{"start":{"line":159,"column":0},"end":{"line":159,"column":68}},"159":{"start":{"line":160,"column":0},"end":{"line":160,"column":40}},"161":{"start":{"line":162,"column":0},"end":{"line":162,"column":7}},"163":{"start":{"line":164,"column":0},"end":{"line":164,"column":42}},"164":{"start":{"line":165,"column":0},"end":{"line":165,"column":20}},"165":{"start":{"line":166,"column":0},"end":{"line":166,"column":32}},"166":{"start":{"line":167,"column":0},"end":{"line":167,"column":23}},"167":{"start":{"line":168,"column":0},"end":{"line":168,"column":32}},"168":{"start":{"line":169,"column":0},"end":{"line":169,"column":15}},"169":{"start":{"line":170,"column":0},"end":{"line":170,"column":15}},"171":{"start":{"line":172,"column":0},"end":{"line":172,"column":26}},"173":{"start":{"line":174,"column":0},"end":{"line":174,"column":47}},"175":{"start":{"line":176,"column":0},"end":{"line":176,"column":32}},"176":{"start":{"line":177,"column":0},"end":{"line":177,"column":19}},"177":{"start":{"line":178,"column":0},"end":{"line":178,"column":72}},"178":{"start":{"line":179,"column":0},"end":{"line":179,"column":48}},"179":{"start":{"line":180,"column":0},"end":{"line":180,"column":3}},"180":{"start":{"line":181,"column":0},"end":{"line":181,"column":1}},"185":{"start":{"line":186,"column":0},"end":{"line":186,"column":72}},"186":{"start":{"line":187,"column":0},"end":{"line":187,"column":40}},"188":{"start":{"line":189,"column":0},"end":{"line":189,"column":7}},"190":{"start":{"line":191,"column":0},"end":{"line":191,"column":63}},"191":{"start":{"line":192,"column":0},"end":{"line":192,"column":21}},"192":{"start":{"line":193,"column":0},"end":{"line":193,"column":19}},"193":{"start":{"line":194,"column":0},"end":{"line":194,"column":28}},"194":{"start":{"line":195,"column":0},"end":{"line":195,"column":32}},"196":{"start":{"line":197,"column":0},"end":{"line":197,"column":38}},"198":{"start":{"line":199,"column":0},"end":{"line":199,"column":38}},"199":{"start":{"line":200,"column":0},"end":{"line":200,"column":74}},"200":{"start":{"line":201,"column":0},"end":{"line":201,"column":5}},"202":{"start":{"line":203,"column":0},"end":{"line":203,"column":36}},"203":{"start":{"line":204,"column":0},"end":{"line":204,"column":20}},"204":{"start":{"line":205,"column":0},"end":{"line":205,"column":15}},"205":{"start":{"line":206,"column":0},"end":{"line":206,"column":23}},"206":{"start":{"line":207,"column":0},"end":{"line":207,"column":32}},"208":{"start":{"line":209,"column":0},"end":{"line":209,"column":26}},"210":{"start":{"line":211,"column":0},"end":{"line":211,"column":61}},"212":{"start":{"line":213,"column":0},"end":{"line":213,"column":26}},"213":{"start":{"line":214,"column":0},"end":{"line":214,"column":19}},"214":{"start":{"line":215,"column":0},"end":{"line":215,"column":70}},"215":{"start":{"line":216,"column":0},"end":{"line":216,"column":36}},"216":{"start":{"line":217,"column":0},"end":{"line":217,"column":3}},"217":{"start":{"line":218,"column":0},"end":{"line":218,"column":1}},"222":{"start":{"line":223,"column":0},"end":{"line":223,"column":59}},"223":{"start":{"line":224,"column":0},"end":{"line":224,"column":40}},"225":{"start":{"line":226,"column":0},"end":{"line":226,"column":7}},"226":{"start":{"line":227,"column":0},"end":{"line":227,"column":61}},"227":{"start":{"line":228,"column":0},"end":{"line":228,"column":20}},"228":{"start":{"line":229,"column":0},"end":{"line":229,"column":15}},"234":{"start":{"line":235,"column":0},"end":{"line":235,"column":8}},"235":{"start":{"line":236,"column":0},"end":{"line":236,"column":32}},"236":{"start":{"line":237,"column":0},"end":{"line":237,"column":25}},"237":{"start":{"line":238,"column":0},"end":{"line":238,"column":47}},"239":{"start":{"line":240,"column":0},"end":{"line":240,"column":36}},"242":{"start":{"line":243,"column":0},"end":{"line":243,"column":48}},"243":{"start":{"line":244,"column":0},"end":{"line":244,"column":14}},"244":{"start":{"line":245,"column":0},"end":{"line":245,"column":14}},"245":{"start":{"line":246,"column":0},"end":{"line":246,"column":40}},"246":{"start":{"line":247,"column":0},"end":{"line":247,"column":78}},"247":{"start":{"line":248,"column":0},"end":{"line":248,"column":79}},"248":{"start":{"line":249,"column":0},"end":{"line":249,"column":81}},"249":{"start":{"line":250,"column":0},"end":{"line":250,"column":8}},"250":{"start":{"line":251,"column":0},"end":{"line":251,"column":7}},"252":{"start":{"line":253,"column":0},"end":{"line":253,"column":48}},"253":{"start":{"line":254,"column":0},"end":{"line":254,"column":19}},"254":{"start":{"line":255,"column":0},"end":{"line":255,"column":75}},"255":{"start":{"line":256,"column":0},"end":{"line":256,"column":48}},"256":{"start":{"line":257,"column":0},"end":{"line":257,"column":3}},"257":{"start":{"line":258,"column":0},"end":{"line":258,"column":1}}},"s":{"7":1,"9":1,"11":1,"20":0,"21":0,"23":0,"24":0,"25":0,"26":0,"27":0,"28":0,"30":0,"31":0,"32":0,"34":0,"36":0,"38":0,"39":0,"40":0,"41":0,"42":0,"43":0,"48":0,"49":0,"51":0,"52":0,"53":0,"54":0,"62":0,"63":0,"64":0,"65":0,"67":0,"69":0,"70":0,"71":0,"72":0,"73":0,"74":0,"79":0,"80":0,"85":0,"86":0,"87":0,"89":0,"90":0,"91":0,"92":0,"93":0,"94":0,"95":0,"96":0,"97":0,"98":0,"99":0,"100":0,"102":0,"104":0,"106":0,"107":0,"108":0,"109":0,"110":0,"111":0,"116":0,"117":0,"118":0,"124":0,"125":0,"126":0,"128":0,"129":0,"131":0,"132":0,"133":0,"134":0,"136":0,"137":0,"138":0,"139":0,"140":0,"141":0,"142":0,"144":0,"146":0,"148":0,"149":0,"150":0,"151":0,"152":0,"153":0,"158":0,"159":0,"161":0,"163":0,"164":0,"165":0,"166":0,"167":0,"168":0,"169":0,"171":0,"173":0,"175":0,"176":0,"177":0,"178":0,"179":0,"180":0,"185":0,"186":0,"188":0,"190":0,"191":0,"192":0,"193":0,"194":0,"196":0,"198":0,"199":0,"200":0,"202":0,"203":0,"204":0,"205":0,"206":0,"208":0,"210":0,"212":0,"213":0,"214":0,"215":0,"216":0,"217":0,"222":0,"223":0,"225":0,"226":0,"227":0,"228":0,"234":0,"235":0,"236":0,"237":0,"239":0,"242":0,"243":0,"244":0,"245":0,"246":0,"247":0,"248":0,"249":0,"250":0,"252":0,"253":0,"254":0,"255":0,"256":0,"257":0},"branchMap":{},"b":{},"fnMap":{"0":{"name":"getZones","decl":{"start":{"line":21,"column":0},"end":{"line":44,"column":1}},"loc":{"start":{"line":21,"column":0},"end":{"line":44,"column":1}},"line":21},"1":{"name":"getZoneById","decl":{"start":{"line":49,"column":0},"end":{"line":75,"column":1}},"loc":{"start":{"line":49,"column":0},"end":{"line":75,"column":1}},"line":49},"2":{"name":"createZone","decl":{"start":{"line":80,"column":0},"end":{"line":112,"column":1}},"loc":{"start":{"line":80,"column":0},"end":{"line":112,"column":1}},"line":80},"3":{"name":"updateZone","decl":{"start":{"line":117,"column":0},"end":{"line":154,"column":1}},"loc":{"start":{"line":117,"column":0},"end":{"line":154,"column":1}},"line":117},"4":{"name":"deleteZone","decl":{"start":{"line":159,"column":0},"end":{"line":181,"column":1}},"loc":{"start":{"line":159,"column":0},"end":{"line":181,"column":1}},"line":159},"5":{"name":"hardDeleteZone","decl":{"start":{"line":186,"column":0},"end":{"line":218,"column":1}},"loc":{"start":{"line":186,"column":0},"end":{"line":218,"column":1}},"line":186},"6":{"name":"getZonesWithStats","decl":{"start":{"line":223,"column":0},"end":{"line":258,"column":1}},"loc":{"start":{"line":223,"column":0},"end":{"line":258,"column":1}},"line":223}},"f":{"0":0,"1":0,"2":0,"3":0,"4":0,"5":0,"6":0}}
}
